{
  "/Users/taylorgalloway/turing/4module/entombed-ui/src/components/Header/Header.js": {
    "path": "/Users/taylorgalloway/turing/4module/entombed-ui/src/components/Header/Header.js",
    "statementMap": {
      "0": {
        "start": {
          "line": 6,
          "column": 15
        },
        "end": {
          "line": 30,
          "column": 1
        }
      },
      "1": {
        "start": {
          "line": 8,
          "column": 4
        },
        "end": {
          "line": 8,
          "column": 54
        }
      },
      "2": {
        "start": {
          "line": 9,
          "column": 4
        },
        "end": {
          "line": 29,
          "column": 5
        }
      }
    },
    "fnMap": {
      "0": {
        "name": "(anonymous_0)",
        "decl": {
          "start": {
            "line": 6,
            "column": 15
          },
          "end": {
            "line": 6,
            "column": 16
          }
        },
        "loc": {
          "start": {
            "line": 6,
            "column": 33
          },
          "end": {
            "line": 30,
            "column": 1
          }
        },
        "line": 6
      }
    },
    "branchMap": {
      "0": {
        "loc": {
          "start": {
            "line": 8,
            "column": 4
          },
          "end": {
            "line": 8,
            "column": 53
          }
        },
        "type": "cond-expr",
        "locations": [
          {
            "start": {
              "line": 8,
              "column": 17
            },
            "end": {
              "line": 8,
              "column": 33
            }
          },
          {
            "start": {
              "line": 8,
              "column": 36
            },
            "end": {
              "line": 8,
              "column": 53
            }
          }
        ],
        "line": 8
      }
    },
    "s": {
      "0": 1,
      "1": 7,
      "2": 7
    },
    "f": {
      "0": 7
    },
    "b": {
      "0": [
        0,
        7
      ]
    },
    "_coverageSchema": "1a1c01bbd47fc00a2c39e90264f33305004495a9",
    "hash": "bfb403e4a03c2d4e627f205a69eb1c26ea48beb0"
  },
  "/Users/taylorgalloway/turing/4module/entombed-ui/src/utilities/apiCalls.js": {
    "path": "/Users/taylorgalloway/turing/4module/entombed-ui/src/utilities/apiCalls.js",
    "statementMap": {
      "0": {
        "start": {
          "line": 1,
          "column": 18
        },
        "end": {
          "line": 1,
          "column": 63
        }
      },
      "1": {
        "start": {
          "line": 3,
          "column": 26
        },
        "end": {
          "line": 40,
          "column": 1
        }
      },
      "2": {
        "start": {
          "line": 4,
          "column": 20
        },
        "end": {
          "line": 9,
          "column": 5
        }
      },
      "3": {
        "start": {
          "line": 10,
          "column": 14
        },
        "end": {
          "line": 10,
          "column": 71
        }
      },
      "4": {
        "start": {
          "line": 11,
          "column": 4
        },
        "end": {
          "line": 28,
          "column": 5
        }
      },
      "5": {
        "start": {
          "line": 12,
          "column": 8
        },
        "end": {
          "line": 12,
          "column": 32
        }
      },
      "6": {
        "start": {
          "line": 13,
          "column": 25
        },
        "end": {
          "line": 13,
          "column": 39
        }
      },
      "7": {
        "start": {
          "line": 14,
          "column": 8
        },
        "end": {
          "line": 14,
          "column": 49
        }
      },
      "8": {
        "start": {
          "line": 15,
          "column": 8
        },
        "end": {
          "line": 15,
          "column": 30
        }
      },
      "9": {
        "start": {
          "line": 16,
          "column": 8
        },
        "end": {
          "line": 16,
          "column": 36
        }
      },
      "10": {
        "start": {
          "line": 17,
          "column": 11
        },
        "end": {
          "line": 28,
          "column": 5
        }
      },
      "11": {
        "start": {
          "line": 18,
          "column": 8
        },
        "end": {
          "line": 18,
          "column": 23
        }
      },
      "12": {
        "start": {
          "line": 19,
          "column": 25
        },
        "end": {
          "line": 19,
          "column": 39
        }
      },
      "13": {
        "start": {
          "line": 20,
          "column": 8
        },
        "end": {
          "line": 20,
          "column": 39
        }
      },
      "14": {
        "start": {
          "line": 21,
          "column": 8
        },
        "end": {
          "line": 21,
          "column": 33
        }
      },
      "15": {
        "start": {
          "line": 22,
          "column": 8
        },
        "end": {
          "line": 22,
          "column": 30
        }
      },
      "16": {
        "start": {
          "line": 23,
          "column": 8
        },
        "end": {
          "line": 23,
          "column": 36
        }
      },
      "17": {
        "start": {
          "line": 25,
          "column": 26
        },
        "end": {
          "line": 25,
          "column": 28
        }
      },
      "18": {
        "start": {
          "line": 26,
          "column": 8
        },
        "end": {
          "line": 26,
          "column": 33
        }
      },
      "19": {
        "start": {
          "line": 27,
          "column": 8
        },
        "end": {
          "line": 27,
          "column": 55
        }
      },
      "20": {
        "start": {
          "line": 29,
          "column": 4
        },
        "end": {
          "line": 39,
          "column": 5
        }
      },
      "21": {
        "start": {
          "line": 30,
          "column": 25
        },
        "end": {
          "line": 30,
          "column": 52
        }
      },
      "22": {
        "start": {
          "line": 31,
          "column": 8
        },
        "end": {
          "line": 36,
          "column": 9
        }
      },
      "23": {
        "start": {
          "line": 32,
          "column": 12
        },
        "end": {
          "line": 32,
          "column": 72
        }
      },
      "24": {
        "start": {
          "line": 34,
          "column": 27
        },
        "end": {
          "line": 34,
          "column": 48
        }
      },
      "25": {
        "start": {
          "line": 35,
          "column": 12
        },
        "end": {
          "line": 35,
          "column": 41
        }
      },
      "26": {
        "start": {
          "line": 38,
          "column": 8
        },
        "end": {
          "line": 38,
          "column": 68
        }
      },
      "27": {
        "start": {
          "line": 42,
          "column": 25
        },
        "end": {
          "line": 60,
          "column": 3
        }
      },
      "28": {
        "start": {
          "line": 43,
          "column": 16
        },
        "end": {
          "line": 43,
          "column": 43
        }
      },
      "29": {
        "start": {
          "line": 44,
          "column": 4
        },
        "end": {
          "line": 59,
          "column": 5
        }
      },
      "30": {
        "start": {
          "line": 45,
          "column": 23
        },
        "end": {
          "line": 45,
          "column": 39
        }
      },
      "31": {
        "start": {
          "line": 46,
          "column": 23
        },
        "end": {
          "line": 46,
          "column": 44
        }
      },
      "32": {
        "start": {
          "line": 48,
          "column": 23
        },
        "end": {
          "line": 48,
          "column": 54
        }
      },
      "33": {
        "start": {
          "line": 49,
          "column": 23
        },
        "end": {
          "line": 49,
          "column": 44
        }
      },
      "34": {
        "start": {
          "line": 51,
          "column": 24
        },
        "end": {
          "line": 51,
          "column": 56
        }
      },
      "35": {
        "start": {
          "line": 52,
          "column": 25
        },
        "end": {
          "line": 52,
          "column": 47
        }
      },
      "36": {
        "start": {
          "line": 54,
          "column": 26
        },
        "end": {
          "line": 54,
          "column": 77
        }
      },
      "37": {
        "start": {
          "line": 55,
          "column": 6
        },
        "end": {
          "line": 55,
          "column": 30
        }
      },
      "38": {
        "start": {
          "line": 56,
          "column": 6
        },
        "end": {
          "line": 56,
          "column": 24
        }
      },
      "39": {
        "start": {
          "line": 58,
          "column": 8
        },
        "end": {
          "line": 58,
          "column": 79
        }
      },
      "40": {
        "start": {
          "line": 62,
          "column": 31
        },
        "end": {
          "line": 78,
          "column": 1
        }
      },
      "41": {
        "start": {
          "line": 63,
          "column": 2
        },
        "end": {
          "line": 77,
          "column": 3
        }
      },
      "42": {
        "start": {
          "line": 64,
          "column": 21
        },
        "end": {
          "line": 68,
          "column": 6
        }
      },
      "43": {
        "start": {
          "line": 69,
          "column": 4
        },
        "end": {
          "line": 74,
          "column": 5
        }
      },
      "44": {
        "start": {
          "line": 70,
          "column": 8
        },
        "end": {
          "line": 70,
          "column": 58
        }
      },
      "45": {
        "start": {
          "line": 72,
          "column": 21
        },
        "end": {
          "line": 72,
          "column": 42
        }
      },
      "46": {
        "start": {
          "line": 73,
          "column": 8
        },
        "end": {
          "line": 73,
          "column": 19
        }
      },
      "47": {
        "start": {
          "line": 76,
          "column": 6
        },
        "end": {
          "line": 76,
          "column": 30
        }
      },
      "48": {
        "start": {
          "line": 80,
          "column": 30
        },
        "end": {
          "line": 95,
          "column": 1
        }
      },
      "49": {
        "start": {
          "line": 81,
          "column": 4
        },
        "end": {
          "line": 94,
          "column": 7
        }
      },
      "50": {
        "start": {
          "line": 82,
          "column": 25
        },
        "end": {
          "line": 85,
          "column": 10
        }
      },
      "51": {
        "start": {
          "line": 86,
          "column": 8
        },
        "end": {
          "line": 86,
          "column": 29
        }
      },
      "52": {
        "start": {
          "line": 87,
          "column": 8
        },
        "end": {
          "line": 91,
          "column": 9
        }
      },
      "53": {
        "start": {
          "line": 88,
          "column": 12
        },
        "end": {
          "line": 88,
          "column": 63
        }
      },
      "54": {
        "start": {
          "line": 90,
          "column": 12
        },
        "end": {
          "line": 90,
          "column": 41
        }
      },
      "55": {
        "start": {
          "line": 93,
          "column": 10
        },
        "end": {
          "line": 93,
          "column": 34
        }
      }
    },
    "fnMap": {
      "0": {
        "name": "(anonymous_0)",
        "decl": {
          "start": {
            "line": 3,
            "column": 26
          },
          "end": {
            "line": 3,
            "column": 27
          }
        },
        "loc": {
          "start": {
            "line": 3,
            "column": 54
          },
          "end": {
            "line": 40,
            "column": 1
          }
        },
        "line": 3
      },
      "1": {
        "name": "(anonymous_1)",
        "decl": {
          "start": {
            "line": 42,
            "column": 25
          },
          "end": {
            "line": 42,
            "column": 26
          }
        },
        "loc": {
          "start": {
            "line": 42,
            "column": 43
          },
          "end": {
            "line": 60,
            "column": 3
          }
        },
        "line": 42
      },
      "2": {
        "name": "(anonymous_2)",
        "decl": {
          "start": {
            "line": 62,
            "column": 31
          },
          "end": {
            "line": 62,
            "column": 32
          }
        },
        "loc": {
          "start": {
            "line": 62,
            "column": 54
          },
          "end": {
            "line": 78,
            "column": 1
          }
        },
        "line": 62
      },
      "3": {
        "name": "(anonymous_3)",
        "decl": {
          "start": {
            "line": 80,
            "column": 30
          },
          "end": {
            "line": 80,
            "column": 31
          }
        },
        "loc": {
          "start": {
            "line": 80,
            "column": 44
          },
          "end": {
            "line": 95,
            "column": 1
          }
        },
        "line": 80
      }
    },
    "branchMap": {
      "0": {
        "loc": {
          "start": {
            "line": 11,
            "column": 4
          },
          "end": {
            "line": 28,
            "column": 5
          }
        },
        "type": "if",
        "locations": [
          {
            "start": {
              "line": 11,
              "column": 4
            },
            "end": {
              "line": 28,
              "column": 5
            }
          },
          {
            "start": {
              "line": 11,
              "column": 4
            },
            "end": {
              "line": 28,
              "column": 5
            }
          }
        ],
        "line": 11
      },
      "1": {
        "loc": {
          "start": {
            "line": 17,
            "column": 11
          },
          "end": {
            "line": 28,
            "column": 5
          }
        },
        "type": "if",
        "locations": [
          {
            "start": {
              "line": 17,
              "column": 11
            },
            "end": {
              "line": 28,
              "column": 5
            }
          },
          {
            "start": {
              "line": 17,
              "column": 11
            },
            "end": {
              "line": 28,
              "column": 5
            }
          }
        ],
        "line": 17
      },
      "2": {
        "loc": {
          "start": {
            "line": 31,
            "column": 8
          },
          "end": {
            "line": 36,
            "column": 9
          }
        },
        "type": "if",
        "locations": [
          {
            "start": {
              "line": 31,
              "column": 8
            },
            "end": {
              "line": 36,
              "column": 9
            }
          },
          {
            "start": {
              "line": 31,
              "column": 8
            },
            "end": {
              "line": 36,
              "column": 9
            }
          }
        ],
        "line": 31
      },
      "3": {
        "loc": {
          "start": {
            "line": 69,
            "column": 4
          },
          "end": {
            "line": 74,
            "column": 5
          }
        },
        "type": "if",
        "locations": [
          {
            "start": {
              "line": 69,
              "column": 4
            },
            "end": {
              "line": 74,
              "column": 5
            }
          },
          {
            "start": {
              "line": 69,
              "column": 4
            },
            "end": {
              "line": 74,
              "column": 5
            }
          }
        ],
        "line": 69
      },
      "4": {
        "loc": {
          "start": {
            "line": 87,
            "column": 8
          },
          "end": {
            "line": 91,
            "column": 9
          }
        },
        "type": "if",
        "locations": [
          {
            "start": {
              "line": 87,
              "column": 8
            },
            "end": {
              "line": 91,
              "column": 9
            }
          },
          {
            "start": {
              "line": 87,
              "column": 8
            },
            "end": {
              "line": 91,
              "column": 9
            }
          }
        ],
        "line": 87
      }
    },
    "s": {
      "0": 1,
      "1": 1,
      "2": 0,
      "3": 0,
      "4": 0,
      "5": 0,
      "6": 0,
      "7": 0,
      "8": 0,
      "9": 0,
      "10": 0,
      "11": 0,
      "12": 0,
      "13": 0,
      "14": 0,
      "15": 0,
      "16": 0,
      "17": 0,
      "18": 0,
      "19": 0,
      "20": 0,
      "21": 0,
      "22": 0,
      "23": 0,
      "24": 0,
      "25": 0,
      "26": 0,
      "27": 1,
      "28": 1,
      "29": 1,
      "30": 1,
      "31": 1,
      "32": 1,
      "33": 1,
      "34": 1,
      "35": 1,
      "36": 1,
      "37": 1,
      "38": 1,
      "39": 0,
      "40": 1,
      "41": 1,
      "42": 1,
      "43": 1,
      "44": 0,
      "45": 1,
      "46": 1,
      "47": 0,
      "48": 1,
      "49": 0,
      "50": 0,
      "51": 0,
      "52": 0,
      "53": 0,
      "54": 0,
      "55": 0
    },
    "f": {
      "0": 0,
      "1": 1,
      "2": 1,
      "3": 0
    },
    "b": {
      "0": [
        0,
        0
      ],
      "1": [
        0,
        0
      ],
      "2": [
        0,
        0
      ],
      "3": [
        0,
        1
      ],
      "4": [
        0,
        0
      ]
    },
    "_coverageSchema": "1a1c01bbd47fc00a2c39e90264f33305004495a9",
    "hash": "9d327fe73332baef2897e8aa09132503b2983157"
  },
  "/Users/taylorgalloway/turing/4module/entombed-ui/src/components/CountdownPane/CountdownPane.js": {
    "path": "/Users/taylorgalloway/turing/4module/entombed-ui/src/components/CountdownPane/CountdownPane.js",
    "statementMap": {
      "0": {
        "start": {
          "line": 8,
          "column": 29
        },
        "end": {
          "line": 106,
          "column": 1
        }
      },
      "1": {
        "start": {
          "line": 9,
          "column": 28
        },
        "end": {
          "line": 9,
          "column": 41
        }
      },
      "2": {
        "start": {
          "line": 10,
          "column": 20
        },
        "end": {
          "line": 10,
          "column": 33
        }
      },
      "3": {
        "start": {
          "line": 11,
          "column": 34
        },
        "end": {
          "line": 11,
          "column": 45
        }
      },
      "4": {
        "start": {
          "line": 12,
          "column": 38
        },
        "end": {
          "line": 12,
          "column": 49
        }
      },
      "5": {
        "start": {
          "line": 13,
          "column": 28
        },
        "end": {
          "line": 13,
          "column": 41
        }
      },
      "6": {
        "start": {
          "line": 14,
          "column": 32
        },
        "end": {
          "line": 14,
          "column": 44
        }
      },
      "7": {
        "start": {
          "line": 15,
          "column": 28
        },
        "end": {
          "line": 15,
          "column": 40
        }
      },
      "8": {
        "start": {
          "line": 17,
          "column": 2
        },
        "end": {
          "line": 19,
          "column": 8
        }
      },
      "9": {
        "start": {
          "line": 18,
          "column": 4
        },
        "end": {
          "line": 18,
          "column": 23
        }
      },
      "10": {
        "start": {
          "line": 21,
          "column": 28
        },
        "end": {
          "line": 55,
          "column": 3
        }
      },
      "11": {
        "start": {
          "line": 23,
          "column": 4
        },
        "end": {
          "line": 23,
          "column": 16
        }
      },
      "12": {
        "start": {
          "line": 24,
          "column": 21
        },
        "end": {
          "line": 24,
          "column": 35
        }
      },
      "13": {
        "start": {
          "line": 25,
          "column": 4
        },
        "end": {
          "line": 25,
          "column": 59
        }
      },
      "14": {
        "start": {
          "line": 26,
          "column": 4
        },
        "end": {
          "line": 26,
          "column": 18
        }
      },
      "15": {
        "start": {
          "line": 27,
          "column": 4
        },
        "end": {
          "line": 27,
          "column": 23
        }
      },
      "16": {
        "start": {
          "line": 29,
          "column": 23
        },
        "end": {
          "line": 29,
          "column": 59
        }
      },
      "17": {
        "start": {
          "line": 31,
          "column": 26
        },
        "end": {
          "line": 31,
          "column": 28
        }
      },
      "18": {
        "start": {
          "line": 33,
          "column": 4
        },
        "end": {
          "line": 40,
          "column": 5
        }
      },
      "19": {
        "start": {
          "line": 34,
          "column": 6
        },
        "end": {
          "line": 39,
          "column": 7
        }
      },
      "20": {
        "start": {
          "line": 42,
          "column": 4
        },
        "end": {
          "line": 52,
          "column": 5
        }
      },
      "21": {
        "start": {
          "line": 43,
          "column": 6
        },
        "end": {
          "line": 51,
          "column": 7
        }
      },
      "22": {
        "start": {
          "line": 44,
          "column": 25
        },
        "end": {
          "line": 44,
          "column": 49
        }
      },
      "23": {
        "start": {
          "line": 45,
          "column": 8
        },
        "end": {
          "line": 48,
          "column": 9
        }
      },
      "24": {
        "start": {
          "line": 46,
          "column": 10
        },
        "end": {
          "line": 46,
          "column": 54
        }
      },
      "25": {
        "start": {
          "line": 47,
          "column": 10
        },
        "end": {
          "line": 47,
          "column": 58
        }
      },
      "26": {
        "start": {
          "line": 47,
          "column": 36
        },
        "end": {
          "line": 47,
          "column": 50
        }
      },
      "27": {
        "start": {
          "line": 50,
          "column": 8
        },
        "end": {
          "line": 50,
          "column": 41
        }
      },
      "28": {
        "start": {
          "line": 54,
          "column": 4
        },
        "end": {
          "line": 54,
          "column": 32
        }
      },
      "29": {
        "start": {
          "line": 57,
          "column": 28
        },
        "end": {
          "line": 66,
          "column": 3
        }
      },
      "30": {
        "start": {
          "line": 58,
          "column": 21
        },
        "end": {
          "line": 58,
          "column": 40
        }
      },
      "31": {
        "start": {
          "line": 59,
          "column": 21
        },
        "end": {
          "line": 59,
          "column": 40
        }
      },
      "32": {
        "start": {
          "line": 60,
          "column": 22
        },
        "end": {
          "line": 60,
          "column": 41
        }
      },
      "33": {
        "start": {
          "line": 61,
          "column": 19
        },
        "end": {
          "line": 61,
          "column": 30
        }
      },
      "34": {
        "start": {
          "line": 62,
          "column": 22
        },
        "end": {
          "line": 62,
          "column": 38
        }
      },
      "35": {
        "start": {
          "line": 63,
          "column": 17
        },
        "end": {
          "line": 63,
          "column": 38
        }
      },
      "36": {
        "start": {
          "line": 65,
          "column": 4
        },
        "end": {
          "line": 65,
          "column": 35
        }
      },
      "37": {
        "start": {
          "line": 68,
          "column": 2
        },
        "end": {
          "line": 105,
          "column": 3
        }
      }
    },
    "fnMap": {
      "0": {
        "name": "(anonymous_0)",
        "decl": {
          "start": {
            "line": 8,
            "column": 29
          },
          "end": {
            "line": 8,
            "column": 30
          }
        },
        "loc": {
          "start": {
            "line": 8,
            "column": 54
          },
          "end": {
            "line": 106,
            "column": 1
          }
        },
        "line": 8
      },
      "1": {
        "name": "(anonymous_1)",
        "decl": {
          "start": {
            "line": 17,
            "column": 12
          },
          "end": {
            "line": 17,
            "column": 13
          }
        },
        "loc": {
          "start": {
            "line": 17,
            "column": 18
          },
          "end": {
            "line": 19,
            "column": 3
          }
        },
        "line": 17
      },
      "2": {
        "name": "(anonymous_2)",
        "decl": {
          "start": {
            "line": 21,
            "column": 28
          },
          "end": {
            "line": 21,
            "column": 29
          }
        },
        "loc": {
          "start": {
            "line": 21,
            "column": 39
          },
          "end": {
            "line": 55,
            "column": 3
          }
        },
        "line": 21
      },
      "3": {
        "name": "(anonymous_3)",
        "decl": {
          "start": {
            "line": 47,
            "column": 30
          },
          "end": {
            "line": 47,
            "column": 31
          }
        },
        "loc": {
          "start": {
            "line": 47,
            "column": 36
          },
          "end": {
            "line": 47,
            "column": 50
          }
        },
        "line": 47
      },
      "4": {
        "name": "(anonymous_4)",
        "decl": {
          "start": {
            "line": 57,
            "column": 28
          },
          "end": {
            "line": 57,
            "column": 29
          }
        },
        "loc": {
          "start": {
            "line": 57,
            "column": 34
          },
          "end": {
            "line": 66,
            "column": 3
          }
        },
        "line": 57
      }
    },
    "branchMap": {
      "0": {
        "loc": {
          "start": {
            "line": 33,
            "column": 4
          },
          "end": {
            "line": 40,
            "column": 5
          }
        },
        "type": "if",
        "locations": [
          {
            "start": {
              "line": 33,
              "column": 4
            },
            "end": {
              "line": 40,
              "column": 5
            }
          },
          {
            "start": {
              "line": 33,
              "column": 4
            },
            "end": {
              "line": 40,
              "column": 5
            }
          }
        ],
        "line": 33
      },
      "1": {
        "loc": {
          "start": {
            "line": 42,
            "column": 4
          },
          "end": {
            "line": 52,
            "column": 5
          }
        },
        "type": "if",
        "locations": [
          {
            "start": {
              "line": 42,
              "column": 4
            },
            "end": {
              "line": 52,
              "column": 5
            }
          },
          {
            "start": {
              "line": 42,
              "column": 4
            },
            "end": {
              "line": 52,
              "column": 5
            }
          }
        ],
        "line": 42
      },
      "2": {
        "loc": {
          "start": {
            "line": 45,
            "column": 8
          },
          "end": {
            "line": 48,
            "column": 9
          }
        },
        "type": "if",
        "locations": [
          {
            "start": {
              "line": 45,
              "column": 8
            },
            "end": {
              "line": 48,
              "column": 9
            }
          },
          {
            "start": {
              "line": 45,
              "column": 8
            },
            "end": {
              "line": 48,
              "column": 9
            }
          }
        ],
        "line": 45
      },
      "3": {
        "loc": {
          "start": {
            "line": 71,
            "column": 11
          },
          "end": {
            "line": 71,
            "column": 90
          }
        },
        "type": "cond-expr",
        "locations": [
          {
            "start": {
              "line": 71,
              "column": 26
            },
            "end": {
              "line": 71,
              "column": 42
            }
          },
          {
            "start": {
              "line": 71,
              "column": 45
            },
            "end": {
              "line": 71,
              "column": 90
            }
          }
        ],
        "line": 71
      },
      "4": {
        "loc": {
          "start": {
            "line": 72,
            "column": 11
          },
          "end": {
            "line": 72,
            "column": 67
          }
        },
        "type": "binary-expr",
        "locations": [
          {
            "start": {
              "line": 72,
              "column": 11
            },
            "end": {
              "line": 72,
              "column": 20
            }
          },
          {
            "start": {
              "line": 72,
              "column": 24
            },
            "end": {
              "line": 72,
              "column": 67
            }
          }
        ],
        "line": 72
      }
    },
    "s": {
      "0": 1,
      "1": 0,
      "2": 0,
      "3": 0,
      "4": 0,
      "5": 0,
      "6": 0,
      "7": 0,
      "8": 0,
      "9": 0,
      "10": 0,
      "11": 0,
      "12": 0,
      "13": 0,
      "14": 0,
      "15": 0,
      "16": 0,
      "17": 0,
      "18": 0,
      "19": 0,
      "20": 0,
      "21": 0,
      "22": 0,
      "23": 0,
      "24": 0,
      "25": 0,
      "26": 0,
      "27": 0,
      "28": 0,
      "29": 0,
      "30": 0,
      "31": 0,
      "32": 0,
      "33": 0,
      "34": 0,
      "35": 0,
      "36": 0,
      "37": 0
    },
    "f": {
      "0": 0,
      "1": 0,
      "2": 0,
      "3": 0,
      "4": 0
    },
    "b": {
      "0": [
        0,
        0
      ],
      "1": [
        0,
        0
      ],
      "2": [
        0,
        0
      ],
      "3": [
        0,
        0
      ],
      "4": [
        0,
        0
      ]
    },
    "_coverageSchema": "1a1c01bbd47fc00a2c39e90264f33305004495a9",
    "hash": "152375f229ceccf1cd170e709a72316c5c89f03c"
  },
  "/Users/taylorgalloway/turing/4module/entombed-ui/src/components/ExecutorPane/ExecutorPane.js": {
    "path": "/Users/taylorgalloway/turing/4module/entombed-ui/src/components/ExecutorPane/ExecutorPane.js",
    "statementMap": {
      "0": {
        "start": {
          "line": 4,
          "column": 28
        },
        "end": {
          "line": 31,
          "column": 1
        }
      },
      "1": {
        "start": {
          "line": 5,
          "column": 2
        },
        "end": {
          "line": 30,
          "column": 3
        }
      }
    },
    "fnMap": {
      "0": {
        "name": "(anonymous_0)",
        "decl": {
          "start": {
            "line": 4,
            "column": 28
          },
          "end": {
            "line": 4,
            "column": 29
          }
        },
        "loc": {
          "start": {
            "line": 4,
            "column": 45
          },
          "end": {
            "line": 31,
            "column": 1
          }
        },
        "line": 4
      }
    },
    "branchMap": {},
    "s": {
      "0": 1,
      "1": 0
    },
    "f": {
      "0": 0
    },
    "b": {},
    "_coverageSchema": "1a1c01bbd47fc00a2c39e90264f33305004495a9",
    "hash": "14571f52e59a19c165b2f990e37661ace9fef2ca"
  },
  "/Users/taylorgalloway/turing/4module/entombed-ui/src/components/Login/Login.js": {
    "path": "/Users/taylorgalloway/turing/4module/entombed-ui/src/components/Login/Login.js",
    "statementMap": {
      "0": {
        "start": {
          "line": 4,
          "column": 21
        },
        "end": {
          "line": 89,
          "column": 1
        }
      },
      "1": {
        "start": {
          "line": 5,
          "column": 28
        },
        "end": {
          "line": 5,
          "column": 40
        }
      },
      "2": {
        "start": {
          "line": 6,
          "column": 34
        },
        "end": {
          "line": 6,
          "column": 46
        }
      },
      "3": {
        "start": {
          "line": 7,
          "column": 28
        },
        "end": {
          "line": 7,
          "column": 40
        }
      },
      "4": {
        "start": {
          "line": 8,
          "column": 34
        },
        "end": {
          "line": 8,
          "column": 48
        }
      },
      "5": {
        "start": {
          "line": 10,
          "column": 27
        },
        "end": {
          "line": 15,
          "column": 3
        }
      },
      "6": {
        "start": {
          "line": 11,
          "column": 4
        },
        "end": {
          "line": 11,
          "column": 28
        }
      },
      "7": {
        "start": {
          "line": 12,
          "column": 4
        },
        "end": {
          "line": 14,
          "column": 5
        }
      },
      "8": {
        "start": {
          "line": 13,
          "column": 6
        },
        "end": {
          "line": 13,
          "column": 24
        }
      },
      "9": {
        "start": {
          "line": 17,
          "column": 27
        },
        "end": {
          "line": 22,
          "column": 3
        }
      },
      "10": {
        "start": {
          "line": 18,
          "column": 4
        },
        "end": {
          "line": 18,
          "column": 31
        }
      },
      "11": {
        "start": {
          "line": 19,
          "column": 4
        },
        "end": {
          "line": 21,
          "column": 5
        }
      },
      "12": {
        "start": {
          "line": 20,
          "column": 6
        },
        "end": {
          "line": 20,
          "column": 24
        }
      },
      "13": {
        "start": {
          "line": 24,
          "column": 22
        },
        "end": {
          "line": 27,
          "column": 3
        }
      },
      "14": {
        "start": {
          "line": 25,
          "column": 4
        },
        "end": {
          "line": 25,
          "column": 16
        }
      },
      "15": {
        "start": {
          "line": 26,
          "column": 4
        },
        "end": {
          "line": 26,
          "column": 19
        }
      },
      "16": {
        "start": {
          "line": 29,
          "column": 28
        },
        "end": {
          "line": 43,
          "column": 3
        }
      },
      "17": {
        "start": {
          "line": 30,
          "column": 4
        },
        "end": {
          "line": 30,
          "column": 22
        }
      },
      "18": {
        "start": {
          "line": 31,
          "column": 20
        },
        "end": {
          "line": 34,
          "column": 5
        }
      },
      "19": {
        "start": {
          "line": 36,
          "column": 4
        },
        "end": {
          "line": 36,
          "column": 16
        }
      },
      "20": {
        "start": {
          "line": 37,
          "column": 4
        },
        "end": {
          "line": 42,
          "column": 5
        }
      },
      "21": {
        "start": {
          "line": 38,
          "column": 6
        },
        "end": {
          "line": 38,
          "column": 24
        }
      },
      "22": {
        "start": {
          "line": 39,
          "column": 6
        },
        "end": {
          "line": 39,
          "column": 19
        }
      },
      "23": {
        "start": {
          "line": 41,
          "column": 6
        },
        "end": {
          "line": 41,
          "column": 26
        }
      },
      "24": {
        "start": {
          "line": 45,
          "column": 2
        },
        "end": {
          "line": 88,
          "column": 3
        }
      },
      "25": {
        "start": {
          "line": 63,
          "column": 33
        },
        "end": {
          "line": 63,
          "column": 52
        }
      },
      "26": {
        "start": {
          "line": 73,
          "column": 33
        },
        "end": {
          "line": 73,
          "column": 52
        }
      },
      "27": {
        "start": {
          "line": 80,
          "column": 30
        },
        "end": {
          "line": 80,
          "column": 50
        }
      }
    },
    "fnMap": {
      "0": {
        "name": "(anonymous_0)",
        "decl": {
          "start": {
            "line": 4,
            "column": 21
          },
          "end": {
            "line": 4,
            "column": 22
          }
        },
        "loc": {
          "start": {
            "line": 4,
            "column": 46
          },
          "end": {
            "line": 89,
            "column": 1
          }
        },
        "line": 4
      },
      "1": {
        "name": "(anonymous_1)",
        "decl": {
          "start": {
            "line": 10,
            "column": 27
          },
          "end": {
            "line": 10,
            "column": 28
          }
        },
        "loc": {
          "start": {
            "line": 10,
            "column": 32
          },
          "end": {
            "line": 15,
            "column": 3
          }
        },
        "line": 10
      },
      "2": {
        "name": "(anonymous_2)",
        "decl": {
          "start": {
            "line": 17,
            "column": 27
          },
          "end": {
            "line": 17,
            "column": 28
          }
        },
        "loc": {
          "start": {
            "line": 17,
            "column": 32
          },
          "end": {
            "line": 22,
            "column": 3
          }
        },
        "line": 17
      },
      "3": {
        "name": "(anonymous_3)",
        "decl": {
          "start": {
            "line": 24,
            "column": 22
          },
          "end": {
            "line": 24,
            "column": 23
          }
        },
        "loc": {
          "start": {
            "line": 24,
            "column": 28
          },
          "end": {
            "line": 27,
            "column": 3
          }
        },
        "line": 24
      },
      "4": {
        "name": "(anonymous_4)",
        "decl": {
          "start": {
            "line": 29,
            "column": 28
          },
          "end": {
            "line": 29,
            "column": 29
          }
        },
        "loc": {
          "start": {
            "line": 29,
            "column": 39
          },
          "end": {
            "line": 43,
            "column": 3
          }
        },
        "line": 29
      },
      "5": {
        "name": "(anonymous_5)",
        "decl": {
          "start": {
            "line": 63,
            "column": 26
          },
          "end": {
            "line": 63,
            "column": 27
          }
        },
        "loc": {
          "start": {
            "line": 63,
            "column": 33
          },
          "end": {
            "line": 63,
            "column": 52
          }
        },
        "line": 63
      },
      "6": {
        "name": "(anonymous_6)",
        "decl": {
          "start": {
            "line": 73,
            "column": 26
          },
          "end": {
            "line": 73,
            "column": 27
          }
        },
        "loc": {
          "start": {
            "line": 73,
            "column": 33
          },
          "end": {
            "line": 73,
            "column": 52
          }
        },
        "line": 73
      },
      "7": {
        "name": "(anonymous_7)",
        "decl": {
          "start": {
            "line": 80,
            "column": 25
          },
          "end": {
            "line": 80,
            "column": 26
          }
        },
        "loc": {
          "start": {
            "line": 80,
            "column": 30
          },
          "end": {
            "line": 80,
            "column": 50
          }
        },
        "line": 80
      }
    },
    "branchMap": {
      "0": {
        "loc": {
          "start": {
            "line": 12,
            "column": 4
          },
          "end": {
            "line": 14,
            "column": 5
          }
        },
        "type": "if",
        "locations": [
          {
            "start": {
              "line": 12,
              "column": 4
            },
            "end": {
              "line": 14,
              "column": 5
            }
          },
          {
            "start": {
              "line": 12,
              "column": 4
            },
            "end": {
              "line": 14,
              "column": 5
            }
          }
        ],
        "line": 12
      },
      "1": {
        "loc": {
          "start": {
            "line": 12,
            "column": 8
          },
          "end": {
            "line": 12,
            "column": 25
          }
        },
        "type": "binary-expr",
        "locations": [
          {
            "start": {
              "line": 12,
              "column": 8
            },
            "end": {
              "line": 12,
              "column": 16
            }
          },
          {
            "start": {
              "line": 12,
              "column": 20
            },
            "end": {
              "line": 12,
              "column": 25
            }
          }
        ],
        "line": 12
      },
      "2": {
        "loc": {
          "start": {
            "line": 19,
            "column": 4
          },
          "end": {
            "line": 21,
            "column": 5
          }
        },
        "type": "if",
        "locations": [
          {
            "start": {
              "line": 19,
              "column": 4
            },
            "end": {
              "line": 21,
              "column": 5
            }
          },
          {
            "start": {
              "line": 19,
              "column": 4
            },
            "end": {
              "line": 21,
              "column": 5
            }
          }
        ],
        "line": 19
      },
      "3": {
        "loc": {
          "start": {
            "line": 19,
            "column": 8
          },
          "end": {
            "line": 19,
            "column": 25
          }
        },
        "type": "binary-expr",
        "locations": [
          {
            "start": {
              "line": 19,
              "column": 8
            },
            "end": {
              "line": 19,
              "column": 16
            }
          },
          {
            "start": {
              "line": 19,
              "column": 20
            },
            "end": {
              "line": 19,
              "column": 25
            }
          }
        ],
        "line": 19
      },
      "4": {
        "loc": {
          "start": {
            "line": 47,
            "column": 7
          },
          "end": {
            "line": 86,
            "column": 14
          }
        },
        "type": "cond-expr",
        "locations": [
          {
            "start": {
              "line": 48,
              "column": 8
            },
            "end": {
              "line": 85,
              "column": 18
            }
          },
          {
            "start": {
              "line": 86,
              "column": 8
            },
            "end": {
              "line": 86,
              "column": 14
            }
          }
        ],
        "line": 47
      },
      "5": {
        "loc": {
          "start": {
            "line": 51,
            "column": 15
          },
          "end": {
            "line": 52,
            "column": 81
          }
        },
        "type": "cond-expr",
        "locations": [
          {
            "start": {
              "line": 51,
              "column": 25
            },
            "end": {
              "line": 51,
              "column": 116
            }
          },
          {
            "start": {
              "line": 52,
              "column": 22
            },
            "end": {
              "line": 52,
              "column": 81
            }
          }
        ],
        "line": 51
      }
    },
    "s": {
      "0": 1,
      "1": 26,
      "2": 26,
      "3": 26,
      "4": 26,
      "5": 26,
      "6": 12,
      "7": 12,
      "8": 0,
      "9": 26,
      "10": 8,
      "11": 8,
      "12": 7,
      "13": 26,
      "14": 1,
      "15": 1,
      "16": 26,
      "17": 1,
      "18": 1,
      "19": 1,
      "20": 1,
      "21": 1,
      "22": 1,
      "23": 0,
      "24": 26,
      "25": 12,
      "26": 8,
      "27": 1
    },
    "f": {
      "0": 26,
      "1": 12,
      "2": 8,
      "3": 1,
      "4": 1,
      "5": 12,
      "6": 8,
      "7": 1
    },
    "b": {
      "0": [
        0,
        12
      ],
      "1": [
        12,
        0
      ],
      "2": [
        7,
        1
      ],
      "3": [
        8,
        7
      ],
      "4": [
        26,
        0
      ],
      "5": [
        0,
        26
      ]
    },
    "_coverageSchema": "1a1c01bbd47fc00a2c39e90264f33305004495a9",
    "hash": "e6b91d28d828e8f765f5ae76e4e63df9991c83ed"
  },
  "/Users/taylorgalloway/turing/4module/entombed-ui/src/components/MemorialPreview/MemorialPreview.js": {
    "path": "/Users/taylorgalloway/turing/4module/entombed-ui/src/components/MemorialPreview/MemorialPreview.js",
    "statementMap": {
      "0": {
        "start": {
          "line": 4,
          "column": 31
        },
        "end": {
          "line": 66,
          "column": 1
        }
      },
      "1": {
        "start": {
          "line": 5,
          "column": 2
        },
        "end": {
          "line": 5,
          "column": 35
        }
      },
      "2": {
        "start": {
          "line": 5,
          "column": 17
        },
        "end": {
          "line": 5,
          "column": 35
        }
      },
      "3": {
        "start": {
          "line": 6,
          "column": 21
        },
        "end": {
          "line": 12,
          "column": 4
        }
      },
      "4": {
        "start": {
          "line": 7,
          "column": 4
        },
        "end": {
          "line": 11,
          "column": 5
        }
      },
      "5": {
        "start": {
          "line": 14,
          "column": 2
        },
        "end": {
          "line": 65,
          "column": 3
        }
      }
    },
    "fnMap": {
      "0": {
        "name": "(anonymous_0)",
        "decl": {
          "start": {
            "line": 4,
            "column": 31
          },
          "end": {
            "line": 4,
            "column": 32
          }
        },
        "loc": {
          "start": {
            "line": 4,
            "column": 116
          },
          "end": {
            "line": 66,
            "column": 1
          }
        },
        "line": 4
      },
      "1": {
        "name": "(anonymous_1)",
        "decl": {
          "start": {
            "line": 6,
            "column": 35
          },
          "end": {
            "line": 6,
            "column": 36
          }
        },
        "loc": {
          "start": {
            "line": 6,
            "column": 53
          },
          "end": {
            "line": 12,
            "column": 3
          }
        },
        "line": 6
      }
    },
    "branchMap": {
      "0": {
        "loc": {
          "start": {
            "line": 5,
            "column": 2
          },
          "end": {
            "line": 5,
            "column": 35
          }
        },
        "type": "if",
        "locations": [
          {
            "start": {
              "line": 5,
              "column": 2
            },
            "end": {
              "line": 5,
              "column": 35
            }
          },
          {
            "start": {
              "line": 5,
              "column": 2
            },
            "end": {
              "line": 5,
              "column": 35
            }
          }
        ],
        "line": 5
      },
      "1": {
        "loc": {
          "start": {
            "line": 16,
            "column": 5
          },
          "end": {
            "line": 63,
            "column": 50
          }
        },
        "type": "cond-expr",
        "locations": [
          {
            "start": {
              "line": 17,
              "column": 8
            },
            "end": {
              "line": 62,
              "column": 11
            }
          },
          {
            "start": {
              "line": 63,
              "column": 8
            },
            "end": {
              "line": 63,
              "column": 50
            }
          }
        ],
        "line": 16
      },
      "2": {
        "loc": {
          "start": {
            "line": 18,
            "column": 11
          },
          "end": {
            "line": 21,
            "column": 21
          }
        },
        "type": "binary-expr",
        "locations": [
          {
            "start": {
              "line": 18,
              "column": 11
            },
            "end": {
              "line": 18,
              "column": 20
            }
          },
          {
            "start": {
              "line": 19,
              "column": 12
            },
            "end": {
              "line": 21,
              "column": 21
            }
          }
        ],
        "line": 18
      }
    },
    "s": {
      "0": 1,
      "1": 0,
      "2": 0,
      "3": 0,
      "4": 0,
      "5": 0
    },
    "f": {
      "0": 0,
      "1": 0
    },
    "b": {
      "0": [
        0,
        0
      ],
      "1": [
        0,
        0
      ],
      "2": [
        0,
        0
      ]
    },
    "_coverageSchema": "1a1c01bbd47fc00a2c39e90264f33305004495a9",
    "hash": "4b9e3d3e3383d01609a4918162d028dd24195d13"
  },
  "/Users/taylorgalloway/turing/4module/entombed-ui/src/components/PhotoAdd/PhotoAdd.js": {
    "path": "/Users/taylorgalloway/turing/4module/entombed-ui/src/components/PhotoAdd/PhotoAdd.js",
    "statementMap": {
      "0": {
        "start": {
          "line": 6,
          "column": 17
        },
        "end": {
          "line": 58,
          "column": 1
        }
      },
      "1": {
        "start": {
          "line": 7,
          "column": 46
        },
        "end": {
          "line": 7,
          "column": 67
        }
      },
      "2": {
        "start": {
          "line": 8,
          "column": 46
        },
        "end": {
          "line": 8,
          "column": 86
        }
      },
      "3": {
        "start": {
          "line": 9,
          "column": 38
        },
        "end": {
          "line": 9,
          "column": 50
        }
      },
      "4": {
        "start": {
          "line": 11,
          "column": 25
        },
        "end": {
          "line": 15,
          "column": 5
        }
      },
      "5": {
        "start": {
          "line": 12,
          "column": 8
        },
        "end": {
          "line": 14,
          "column": 53
        }
      },
      "6": {
        "start": {
          "line": 17,
          "column": 25
        },
        "end": {
          "line": 21,
          "column": 5
        }
      },
      "7": {
        "start": {
          "line": 18,
          "column": 8
        },
        "end": {
          "line": 18,
          "column": 45
        }
      },
      "8": {
        "start": {
          "line": 19,
          "column": 8
        },
        "end": {
          "line": 19,
          "column": 64
        }
      },
      "9": {
        "start": {
          "line": 20,
          "column": 8
        },
        "end": {
          "line": 20,
          "column": 39
        }
      },
      "10": {
        "start": {
          "line": 23,
          "column": 26
        },
        "end": {
          "line": 28,
          "column": 5
        }
      },
      "11": {
        "start": {
          "line": 24,
          "column": 8
        },
        "end": {
          "line": 27,
          "column": 9
        }
      },
      "12": {
        "start": {
          "line": 25,
          "column": 12
        },
        "end": {
          "line": 25,
          "column": 47
        }
      },
      "13": {
        "start": {
          "line": 26,
          "column": 12
        },
        "end": {
          "line": 26,
          "column": 55
        }
      },
      "14": {
        "start": {
          "line": 30,
          "column": 4
        },
        "end": {
          "line": 57,
          "column": 5
        }
      },
      "15": {
        "start": {
          "line": 48,
          "column": 109
        },
        "end": {
          "line": 48,
          "column": 124
        }
      },
      "16": {
        "start": {
          "line": 49,
          "column": 121
        },
        "end": {
          "line": 49,
          "column": 136
        }
      }
    },
    "fnMap": {
      "0": {
        "name": "(anonymous_0)",
        "decl": {
          "start": {
            "line": 6,
            "column": 17
          },
          "end": {
            "line": 6,
            "column": 18
          }
        },
        "loc": {
          "start": {
            "line": 6,
            "column": 87
          },
          "end": {
            "line": 58,
            "column": 1
          }
        },
        "line": 6
      },
      "1": {
        "name": "(anonymous_1)",
        "decl": {
          "start": {
            "line": 11,
            "column": 25
          },
          "end": {
            "line": 11,
            "column": 26
          }
        },
        "loc": {
          "start": {
            "line": 11,
            "column": 32
          },
          "end": {
            "line": 15,
            "column": 5
          }
        },
        "line": 11
      },
      "2": {
        "name": "(anonymous_2)",
        "decl": {
          "start": {
            "line": 17,
            "column": 25
          },
          "end": {
            "line": 17,
            "column": 26
          }
        },
        "loc": {
          "start": {
            "line": 17,
            "column": 32
          },
          "end": {
            "line": 21,
            "column": 5
          }
        },
        "line": 17
      },
      "3": {
        "name": "(anonymous_3)",
        "decl": {
          "start": {
            "line": 23,
            "column": 26
          },
          "end": {
            "line": 23,
            "column": 27
          }
        },
        "loc": {
          "start": {
            "line": 23,
            "column": 32
          },
          "end": {
            "line": 28,
            "column": 5
          }
        },
        "line": 23
      },
      "4": {
        "name": "(anonymous_4)",
        "decl": {
          "start": {
            "line": 48,
            "column": 101
          },
          "end": {
            "line": 48,
            "column": 102
          }
        },
        "loc": {
          "start": {
            "line": 48,
            "column": 108
          },
          "end": {
            "line": 48,
            "column": 125
          }
        },
        "line": 48
      },
      "5": {
        "name": "(anonymous_5)",
        "decl": {
          "start": {
            "line": 49,
            "column": 114
          },
          "end": {
            "line": 49,
            "column": 115
          }
        },
        "loc": {
          "start": {
            "line": 49,
            "column": 121
          },
          "end": {
            "line": 49,
            "column": 136
          }
        },
        "line": 49
      }
    },
    "branchMap": {
      "0": {
        "loc": {
          "start": {
            "line": 12,
            "column": 8
          },
          "end": {
            "line": 14,
            "column": 53
          }
        },
        "type": "cond-expr",
        "locations": [
          {
            "start": {
              "line": 13,
              "column": 10
            },
            "end": {
              "line": 13,
              "column": 105
            }
          },
          {
            "start": {
              "line": 14,
              "column": 10
            },
            "end": {
              "line": 14,
              "column": 53
            }
          }
        ],
        "line": 12
      },
      "1": {
        "loc": {
          "start": {
            "line": 13,
            "column": 10
          },
          "end": {
            "line": 13,
            "column": 105
          }
        },
        "type": "binary-expr",
        "locations": [
          {
            "start": {
              "line": 13,
              "column": 10
            },
            "end": {
              "line": 13,
              "column": 58
            }
          },
          {
            "start": {
              "line": 13,
              "column": 62
            },
            "end": {
              "line": 13,
              "column": 105
            }
          }
        ],
        "line": 13
      },
      "2": {
        "loc": {
          "start": {
            "line": 24,
            "column": 8
          },
          "end": {
            "line": 27,
            "column": 9
          }
        },
        "type": "if",
        "locations": [
          {
            "start": {
              "line": 24,
              "column": 8
            },
            "end": {
              "line": 27,
              "column": 9
            }
          },
          {
            "start": {
              "line": 24,
              "column": 8
            },
            "end": {
              "line": 27,
              "column": 9
            }
          }
        ],
        "line": 24
      },
      "3": {
        "loc": {
          "start": {
            "line": 24,
            "column": 12
          },
          "end": {
            "line": 24,
            "column": 64
          }
        },
        "type": "binary-expr",
        "locations": [
          {
            "start": {
              "line": 24,
              "column": 12
            },
            "end": {
              "line": 24,
              "column": 30
            }
          },
          {
            "start": {
              "line": 24,
              "column": 34
            },
            "end": {
              "line": 24,
              "column": 64
            }
          }
        ],
        "line": 24
      },
      "4": {
        "loc": {
          "start": {
            "line": 33,
            "column": 13
          },
          "end": {
            "line": 33,
            "column": 99
          }
        },
        "type": "binary-expr",
        "locations": [
          {
            "start": {
              "line": 33,
              "column": 13
            },
            "end": {
              "line": 33,
              "column": 31
            }
          },
          {
            "start": {
              "line": 33,
              "column": 35
            },
            "end": {
              "line": 33,
              "column": 99
            }
          }
        ],
        "line": 33
      },
      "5": {
        "loc": {
          "start": {
            "line": 34,
            "column": 13
          },
          "end": {
            "line": 34,
            "column": 101
          }
        },
        "type": "binary-expr",
        "locations": [
          {
            "start": {
              "line": 34,
              "column": 13
            },
            "end": {
              "line": 34,
              "column": 31
            }
          },
          {
            "start": {
              "line": 34,
              "column": 35
            },
            "end": {
              "line": 34,
              "column": 101
            }
          }
        ],
        "line": 34
      },
      "6": {
        "loc": {
          "start": {
            "line": 38,
            "column": 13
          },
          "end": {
            "line": 38,
            "column": 49
          }
        },
        "type": "binary-expr",
        "locations": [
          {
            "start": {
              "line": 38,
              "column": 13
            },
            "end": {
              "line": 38,
              "column": 30
            }
          },
          {
            "start": {
              "line": 38,
              "column": 34
            },
            "end": {
              "line": 38,
              "column": 49
            }
          }
        ],
        "line": 38
      },
      "7": {
        "loc": {
          "start": {
            "line": 49,
            "column": 30
          },
          "end": {
            "line": 49,
            "column": 63
          }
        },
        "type": "cond-expr",
        "locations": [
          {
            "start": {
              "line": 49,
              "column": 49
            },
            "end": {
              "line": 49,
              "column": 58
            }
          },
          {
            "start": {
              "line": 49,
              "column": 61
            },
            "end": {
              "line": 49,
              "column": 63
            }
          }
        ],
        "line": 49
      }
    },
    "s": {
      "0": 1,
      "1": 2,
      "2": 2,
      "3": 2,
      "4": 2,
      "5": 0,
      "6": 2,
      "7": 0,
      "8": 0,
      "9": 0,
      "10": 2,
      "11": 2,
      "12": 1,
      "13": 1,
      "14": 2,
      "15": 0,
      "16": 0
    },
    "f": {
      "0": 2,
      "1": 0,
      "2": 0,
      "3": 2,
      "4": 0,
      "5": 0
    },
    "b": {
      "0": [
        0,
        0
      ],
      "1": [
        0,
        0
      ],
      "2": [
        1,
        1
      ],
      "3": [
        2,
        2
      ],
      "4": [
        2,
        2
      ],
      "5": [
        2,
        0
      ],
      "6": [
        2,
        2
      ],
      "7": [
        0,
        2
      ]
    },
    "_coverageSchema": "1a1c01bbd47fc00a2c39e90264f33305004495a9",
    "hash": "10bd3f0e717164eb3a939c2a83c259e1e64e8c1c"
  },
  "/Users/taylorgalloway/turing/4module/entombed-ui/src/components/GalleryPane/GalleryPane.js": {
    "path": "/Users/taylorgalloway/turing/4module/entombed-ui/src/components/GalleryPane/GalleryPane.js",
    "statementMap": {
      "0": {
        "start": {
          "line": 5,
          "column": 27
        },
        "end": {
          "line": 163,
          "column": 1
        }
      },
      "1": {
        "start": {
          "line": 7,
          "column": 2
        },
        "end": {
          "line": 162,
          "column": 3
        }
      }
    },
    "fnMap": {
      "0": {
        "name": "(anonymous_0)",
        "decl": {
          "start": {
            "line": 5,
            "column": 27
          },
          "end": {
            "line": 5,
            "column": 28
          }
        },
        "loc": {
          "start": {
            "line": 5,
            "column": 57
          },
          "end": {
            "line": 163,
            "column": 1
          }
        },
        "line": 5
      }
    },
    "branchMap": {
      "0": {
        "loc": {
          "start": {
            "line": 14,
            "column": 11
          },
          "end": {
            "line": 14,
            "column": 125
          }
        },
        "type": "cond-expr",
        "locations": [
          {
            "start": {
              "line": 14,
              "column": 23
            },
            "end": {
              "line": 14,
              "column": 66
            }
          },
          {
            "start": {
              "line": 14,
              "column": 69
            },
            "end": {
              "line": 14,
              "column": 125
            }
          }
        ],
        "line": 14
      },
      "1": {
        "loc": {
          "start": {
            "line": 33,
            "column": 13
          },
          "end": {
            "line": 37,
            "column": 28
          }
        },
        "type": "binary-expr",
        "locations": [
          {
            "start": {
              "line": 33,
              "column": 13
            },
            "end": {
              "line": 33,
              "column": 25
            }
          },
          {
            "start": {
              "line": 33,
              "column": 29
            },
            "end": {
              "line": 37,
              "column": 28
            }
          }
        ],
        "line": 33
      },
      "2": {
        "loc": {
          "start": {
            "line": 40,
            "column": 13
          },
          "end": {
            "line": 44,
            "column": 28
          }
        },
        "type": "binary-expr",
        "locations": [
          {
            "start": {
              "line": 40,
              "column": 13
            },
            "end": {
              "line": 40,
              "column": 25
            }
          },
          {
            "start": {
              "line": 40,
              "column": 29
            },
            "end": {
              "line": 44,
              "column": 28
            }
          }
        ],
        "line": 40
      },
      "3": {
        "loc": {
          "start": {
            "line": 48,
            "column": 11
          },
          "end": {
            "line": 52,
            "column": 28
          }
        },
        "type": "binary-expr",
        "locations": [
          {
            "start": {
              "line": 48,
              "column": 11
            },
            "end": {
              "line": 48,
              "column": 23
            }
          },
          {
            "start": {
              "line": 48,
              "column": 27
            },
            "end": {
              "line": 52,
              "column": 28
            }
          }
        ],
        "line": 48
      },
      "4": {
        "loc": {
          "start": {
            "line": 59,
            "column": 13
          },
          "end": {
            "line": 63,
            "column": 28
          }
        },
        "type": "binary-expr",
        "locations": [
          {
            "start": {
              "line": 59,
              "column": 13
            },
            "end": {
              "line": 59,
              "column": 25
            }
          },
          {
            "start": {
              "line": 59,
              "column": 29
            },
            "end": {
              "line": 63,
              "column": 28
            }
          }
        ],
        "line": 59
      },
      "5": {
        "loc": {
          "start": {
            "line": 66,
            "column": 13
          },
          "end": {
            "line": 70,
            "column": 28
          }
        },
        "type": "binary-expr",
        "locations": [
          {
            "start": {
              "line": 66,
              "column": 13
            },
            "end": {
              "line": 66,
              "column": 26
            }
          },
          {
            "start": {
              "line": 66,
              "column": 30
            },
            "end": {
              "line": 70,
              "column": 28
            }
          }
        ],
        "line": 66
      },
      "6": {
        "loc": {
          "start": {
            "line": 75,
            "column": 13
          },
          "end": {
            "line": 79,
            "column": 28
          }
        },
        "type": "binary-expr",
        "locations": [
          {
            "start": {
              "line": 75,
              "column": 13
            },
            "end": {
              "line": 75,
              "column": 25
            }
          },
          {
            "start": {
              "line": 75,
              "column": 29
            },
            "end": {
              "line": 79,
              "column": 28
            }
          }
        ],
        "line": 75
      },
      "7": {
        "loc": {
          "start": {
            "line": 82,
            "column": 13
          },
          "end": {
            "line": 86,
            "column": 30
          }
        },
        "type": "binary-expr",
        "locations": [
          {
            "start": {
              "line": 82,
              "column": 13
            },
            "end": {
              "line": 82,
              "column": 25
            }
          },
          {
            "start": {
              "line": 82,
              "column": 29
            },
            "end": {
              "line": 86,
              "column": 30
            }
          }
        ],
        "line": 82
      },
      "8": {
        "loc": {
          "start": {
            "line": 89,
            "column": 13
          },
          "end": {
            "line": 93,
            "column": 30
          }
        },
        "type": "binary-expr",
        "locations": [
          {
            "start": {
              "line": 89,
              "column": 13
            },
            "end": {
              "line": 89,
              "column": 25
            }
          },
          {
            "start": {
              "line": 89,
              "column": 29
            },
            "end": {
              "line": 93,
              "column": 30
            }
          }
        ],
        "line": 89
      },
      "9": {
        "loc": {
          "start": {
            "line": 96,
            "column": 13
          },
          "end": {
            "line": 100,
            "column": 32
          }
        },
        "type": "binary-expr",
        "locations": [
          {
            "start": {
              "line": 96,
              "column": 13
            },
            "end": {
              "line": 96,
              "column": 25
            }
          },
          {
            "start": {
              "line": 96,
              "column": 29
            },
            "end": {
              "line": 100,
              "column": 32
            }
          }
        ],
        "line": 96
      },
      "10": {
        "loc": {
          "start": {
            "line": 106,
            "column": 11
          },
          "end": {
            "line": 110,
            "column": 32
          }
        },
        "type": "binary-expr",
        "locations": [
          {
            "start": {
              "line": 106,
              "column": 11
            },
            "end": {
              "line": 106,
              "column": 23
            }
          },
          {
            "start": {
              "line": 106,
              "column": 27
            },
            "end": {
              "line": 110,
              "column": 32
            }
          }
        ],
        "line": 106
      },
      "11": {
        "loc": {
          "start": {
            "line": 113,
            "column": 13
          },
          "end": {
            "line": 117,
            "column": 32
          }
        },
        "type": "binary-expr",
        "locations": [
          {
            "start": {
              "line": 113,
              "column": 13
            },
            "end": {
              "line": 113,
              "column": 25
            }
          },
          {
            "start": {
              "line": 113,
              "column": 29
            },
            "end": {
              "line": 117,
              "column": 32
            }
          }
        ],
        "line": 113
      },
      "12": {
        "loc": {
          "start": {
            "line": 120,
            "column": 11
          },
          "end": {
            "line": 124,
            "column": 32
          }
        },
        "type": "binary-expr",
        "locations": [
          {
            "start": {
              "line": 120,
              "column": 11
            },
            "end": {
              "line": 120,
              "column": 24
            }
          },
          {
            "start": {
              "line": 120,
              "column": 28
            },
            "end": {
              "line": 124,
              "column": 32
            }
          }
        ],
        "line": 120
      },
      "13": {
        "loc": {
          "start": {
            "line": 133,
            "column": 13
          },
          "end": {
            "line": 137,
            "column": 28
          }
        },
        "type": "binary-expr",
        "locations": [
          {
            "start": {
              "line": 133,
              "column": 13
            },
            "end": {
              "line": 133,
              "column": 25
            }
          },
          {
            "start": {
              "line": 133,
              "column": 29
            },
            "end": {
              "line": 137,
              "column": 28
            }
          }
        ],
        "line": 133
      }
    },
    "s": {
      "0": 1,
      "1": 0
    },
    "f": {
      "0": 0
    },
    "b": {
      "0": [
        0,
        0
      ],
      "1": [
        0,
        0
      ],
      "2": [
        0,
        0
      ],
      "3": [
        0,
        0
      ],
      "4": [
        0,
        0
      ],
      "5": [
        0,
        0
      ],
      "6": [
        0,
        0
      ],
      "7": [
        0,
        0
      ],
      "8": [
        0,
        0
      ],
      "9": [
        0,
        0
      ],
      "10": [
        0,
        0
      ],
      "11": [
        0,
        0
      ],
      "12": [
        0,
        0
      ],
      "13": [
        0,
        0
      ]
    },
    "_coverageSchema": "1a1c01bbd47fc00a2c39e90264f33305004495a9",
    "hash": "2ca7eae01c0c5d93272cadb8e2ed0a88e1dfa191"
  },
  "/Users/taylorgalloway/turing/4module/entombed-ui/src/components/ObitPane/ObitPane.js": {
    "path": "/Users/taylorgalloway/turing/4module/entombed-ui/src/components/ObitPane/ObitPane.js",
    "statementMap": {
      "0": {
        "start": {
          "line": 4,
          "column": 17
        },
        "end": {
          "line": 81,
          "column": 1
        }
      },
      "1": {
        "start": {
          "line": 5,
          "column": 36
        },
        "end": {
          "line": 5,
          "column": 50
        }
      },
      "2": {
        "start": {
          "line": 6,
          "column": 36
        },
        "end": {
          "line": 6,
          "column": 51
        }
      },
      "3": {
        "start": {
          "line": 7,
          "column": 38
        },
        "end": {
          "line": 7,
          "column": 59
        }
      },
      "4": {
        "start": {
          "line": 8,
          "column": 30
        },
        "end": {
          "line": 8,
          "column": 42
        }
      },
      "5": {
        "start": {
          "line": 9,
          "column": 34
        },
        "end": {
          "line": 9,
          "column": 46
        }
      },
      "6": {
        "start": {
          "line": 10,
          "column": 30
        },
        "end": {
          "line": 10,
          "column": 42
        }
      },
      "7": {
        "start": {
          "line": 12,
          "column": 25
        },
        "end": {
          "line": 26,
          "column": 5
        }
      },
      "8": {
        "start": {
          "line": 13,
          "column": 8
        },
        "end": {
          "line": 13,
          "column": 20
        }
      },
      "9": {
        "start": {
          "line": 14,
          "column": 8
        },
        "end": {
          "line": 24,
          "column": 9
        }
      },
      "10": {
        "start": {
          "line": 15,
          "column": 12
        },
        "end": {
          "line": 15,
          "column": 81
        }
      },
      "11": {
        "start": {
          "line": 17,
          "column": 12
        },
        "end": {
          "line": 23,
          "column": 13
        }
      },
      "12": {
        "start": {
          "line": 18,
          "column": 32
        },
        "end": {
          "line": 18,
          "column": 62
        }
      },
      "13": {
        "start": {
          "line": 19,
          "column": 16
        },
        "end": {
          "line": 19,
          "column": 35
        }
      },
      "14": {
        "start": {
          "line": 20,
          "column": 16
        },
        "end": {
          "line": 20,
          "column": 64
        }
      },
      "15": {
        "start": {
          "line": 20,
          "column": 42
        },
        "end": {
          "line": 20,
          "column": 56
        }
      },
      "16": {
        "start": {
          "line": 22,
          "column": 16
        },
        "end": {
          "line": 22,
          "column": 28
        }
      },
      "17": {
        "start": {
          "line": 25,
          "column": 8
        },
        "end": {
          "line": 25,
          "column": 26
        }
      },
      "18": {
        "start": {
          "line": 28,
          "column": 28
        },
        "end": {
          "line": 31,
          "column": 5
        }
      },
      "19": {
        "start": {
          "line": 29,
          "column": 8
        },
        "end": {
          "line": 29,
          "column": 20
        }
      },
      "20": {
        "start": {
          "line": 30,
          "column": 8
        },
        "end": {
          "line": 30,
          "column": 25
        }
      },
      "21": {
        "start": {
          "line": 33,
          "column": 25
        },
        "end": {
          "line": 36,
          "column": 5
        }
      },
      "22": {
        "start": {
          "line": 34,
          "column": 8
        },
        "end": {
          "line": 34,
          "column": 35
        }
      },
      "23": {
        "start": {
          "line": 35,
          "column": 8
        },
[...]
            "column": 37
          }
        },
        "loc": {
          "start": {
            "line": 32,
            "column": 42
          },
          "end": {
            "line": 51,
            "column": 5
          }
        },
        "line": 32
      },
      "2": {
        "name": "(anonymous_2)",
        "decl": {
          "start": {
            "line": 41,
            "column": 43
          },
          "end": {
            "line": 41,
            "column": 44
          }
        },
        "loc": {
          "start": {
            "line": 41,
            "column": 49
          },
          "end": {
            "line": 46,
            "column": 9
          }
        },
        "line": 41
      },
      "3": {
        "name": "registerValidSW",
        "decl": {
          "start": {
            "line": 55,
            "column": 9
          },
          "end": {
            "line": 55,
            "column": 24
          }
        },
        "loc": {
          "start": {
            "line": 55,
            "column": 40
          },
          "end": {
            "line": 97,
            "column": 1
          }
        },
        "line": 55
      },
      "4": {
        "name": "(anonymous_4)",
        "decl": {
          "start": {
            "line": 58,
            "column": 10
          },
          "end": {
            "line": 58,
            "column": 11
          }
        },
        "loc": {
          "start": {
            "line": 58,
            "column": 28
          },
          "end": {
            "line": 93,
            "column": 5
          }
        },
        "line": 58
      },
      "5": {
        "name": "(anonymous_5)",
        "decl": {
          "start": {
            "line": 59,
            "column": 35
          },
          "end": {
            "line": 59,
            "column": 36
          }
        },
        "loc": {
          "start": {
            "line": 59,
            "column": 41
          },
          "end": {
            "line": 92,
            "column": 7
          }
        },
        "line": 59
      },
      "6": {
        "name": "(anonymous_6)",
        "decl": {
          "start": {
            "line": 64,
            "column": 41
          },
          "end": {
            "line": 64,
            "column": 42
          }
        },
        "loc": {
          "start": {
            "line": 64,
            "column": 47
          },
          "end": {
            "line": 91,
            "column": 9
          }
        },
        "line": 64
      },
      "7": {
        "name": "(anonymous_7)",
        "decl": {
          "start": {
            "line": 94,
            "column": 11
          },
          "end": {
            "line": 94,
            "column": 12
          }
        },
        "loc": {
          "start": {
            "line": 94,
            "column": 22
          },
          "end": {
            "line": 96,
            "column": 5
          }
        },
        "line": 94
      },
      "8": {
        "name": "checkValidServiceWorker",
        "decl": {
          "start": {
            "line": 99,
            "column": 9
          },
          "end": {
            "line": 99,
            "column": 32
          }
        },
        "loc": {
          "start": {
            "line": 99,
            "column": 48
          },
          "end": {
            "line": 125,
            "column": 1
          }
        },
        "line": 99
      },
      "9": {
        "name": "(anonymous_9)",
        "decl": {
          "start": {
            "line": 104,
            "column": 10
          },
          "end": {
            "line": 104,
            "column": 11
          }
        },
        "loc": {
          "start": {
            "line": 104,
            "column": 24
          },
          "end": {
            "line": 121,
            "column": 5
          }
        },
        "line": 104
      },
      "10": {
        "name": "(anonymous_10)",
        "decl": {
          "start": {
            "line": 112,
            "column": 43
          },
          "end": {
            "line": 112,
            "column": 44
          }
        },
        "loc": {
          "start": {
            "line": 112,
            "column": 61
          },
          "end": {
            "line": 116,
            "column": 9
          }
        },
        "line": 112
      },
      "11": {
        "name": "(anonymous_11)",
        "decl": {
          "start": {
            "line": 113,
            "column": 41
          },
          "end": {
            "line": 113,
            "column": 42
          }
        },
        "loc": {
          "start": {
            "line": 113,
            "column": 47
          },
          "end": {
            "line": 115,
            "column": 11
          }
        },
        "line": 113
      },
      "12": {
        "name": "(anonymous_12)",
        "decl": {
          "start": {
            "line": 122,
            "column": 11
          },
          "end": {
            "line": 122,
            "column": 12
          }
        },
        "loc": {
          "start": {
            "line": 122,
            "column": 17
          },
          "end": {
            "line": 124,
            "column": 5
          }
        },
        "line": 122
      },
      "13": {
        "name": "unregister",
        "decl": {
          "start": {
            "line": 127,
            "column": 16
          },
          "end": {
            "line": 127,
            "column": 26
          }
        },
        "loc": {
          "start": {
            "line": 127,
            "column": 29
          },
          "end": {
            "line": 137,
            "column": 1
          }
        },
        "line": 127
      },
      "14": {
        "name": "(anonymous_14)",
        "decl": {
          "start": {
            "line": 130,
            "column": 12
          },
          "end": {
            "line": 130,
            "column": 13
          }
        },
        "loc": {
          "start": {
            "line": 130,
            "column": 30
          },
          "end": {
            "line": 132,
            "column": 7
          }
        },
        "line": 130
      },
      "15": {
        "name": "(anonymous_15)",
        "decl": {
          "start": {
            "line": 133,
            "column": 13
          },
          "end": {
            "line": 133,
            "column": 14
          }
        },
        "loc": {
          "start": {
            "line": 133,
            "column": 24
          },
          "end": {
            "line": 135,
            "column": 7
          }
        },
        "line": 133
      }
    },
    "branchMap": {
      "0": {
        "loc": {
          "start": {
            "line": 14,
            "column": 2
          },
          "end": {
            "line": 18,
            "column": 92
          }
        },
        "type": "binary-expr",
        "locations": [
          {
            "start": {
              "line": 14,
              "column": 2
            },
            "end": {
              "line": 14,
              "column": 42
            }
          },
          {
            "start": {
              "line": 16,
              "column": 4
            },
            "end": {
              "line": 16,
              "column": 40
            }
          },
          {
            "start": {
              "line": 18,
              "column": 4
            },
            "end": {
              "line": 18,
              "column": 92
            }
          }
        ],
        "line": 14
      },
      "1": {
        "loc": {
          "start": {
            "line": 22,
            "column": 2
          },
          "end": {
            "line": 52,
            "column": 3
          }
        },
        "type": "if",
        "locations": [
          {
            "start": {
              "line": 22,
              "column": 2
            },
            "end": {
              "line": 52,
              "column": 3
            }
          },
          {
            "start": {
              "line": 22,
              "column": 2
            },
            "end": {
              "line": 52,
              "column": 3
            }
          }
        ],
        "line": 22
      },
      "2": {
        "loc": {
          "start": {
            "line": 22,
            "column": 6
          },
          "end": {
            "line": 22,
            "column": 75
          }
        },
        "type": "binary-expr",
        "locations": [
          {
            "start": {
              "line": 22,
              "column": 6
            },
            "end": {
              "line": 22,
              "column": 43
            }
          },
          {
            "start": {
              "line": 22,
              "column": 47
            },
            "end": {
              "line": 22,
              "column": 75
            }
          }
        ],
        "line": 22
      },
      "3": {
        "loc": {
          "start": {
            "line": 25,
            "column": 4
          },
          "end": {
            "line": 30,
            "column": 5
          }
        },
        "type": "if",
        "locations": [
          {
            "start": {
              "line": 25,
              "column": 4
            },
            "end": {
              "line": 30,
              "column": 5
            }
          },
          {
            "start": {
              "line": 25,
              "column": 4
            },
            "end": {
              "line": 30,
              "column": 5
            }
          }
        ],
        "line": 25
      },
      "4": {
        "loc": {
          "start": {
            "line": 35,
            "column": 6
          },
          "end": {
            "line": 50,
            "column": 7
          }
        },
        "type": "if",
        "locations": [
          {
            "start": {
              "line": 35,
              "column": 6
            },
            "end": {
              "line": 50,
              "column": 7
            }
          },
          {
            "start": {
              "line": 35,
              "column": 6
            },
            "end": {
              "line": 50,
              "column": 7
            }
          }
        ],
        "line": 35
      },
      "5": {
        "loc": {
          "start": {
            "line": 61,
            "column": 8
          },
          "end": {
            "line": 63,
            "column": 9
          }
        },
        "type": "if",
        "locations": [
          {
            "start": {
              "line": 61,
              "column": 8
            },
            "end": {
              "line": 63,
              "column": 9
            }
          },
          {
            "start": {
              "line": 61,
              "column": 8
            },
            "end": {
              "line": 63,
              "column": 9
            }
          }
        ],
        "line": 61
      },
      "6": {
        "loc": {
          "start": {
            "line": 65,
            "column": 10
          },
          "end": {
            "line": 90,
            "column": 11
          }
        },
        "type": "if",
        "locations": [
          {
            "start": {
              "line": 65,
              "column": 10
            },
            "end": {
              "line": 90,
              "column": 11
            }
          },
          {
            "start": {
              "line": 65,
              "column": 10
            },
            "end": {
              "line": 90,
              "column": 11
            }
          }
        ],
        "line": 65
      },
      "7": {
        "loc": {
          "start": {
            "line": 66,
            "column": 12
          },
          "end": {
            "line": 89,
            "column": 13
          }
        },
        "type": "if",
        "locations": [
          {
            "start": {
              "line": 66,
              "column": 12
            },
            "end": {
              "line": 89,
              "column": 13
            }
          },
          {
            "start": {
              "line": 66,
              "column": 12
            },
            "end": {
              "line": 89,
              "column": 13
            }
          }
        ],
        "line": 66
      },
      "8": {
        "loc": {
          "start": {
            "line": 76,
            "column": 14
          },
          "end": {
            "line": 78,
            "column": 15
          }
        },
        "type": "if",
        "locations": [
          {
            "start": {
              "line": 76,
              "column": 14
            },
            "end": {
              "line": 78,
              "column": 15
            }
          },
          {
            "start": {
              "line": 76,
              "column": 14
            },
            "end": {
              "line": 78,
              "column": 15
            }
          }
        ],
        "line": 76
      },
      "9": {
        "loc": {
          "start": {
            "line": 76,
            "column": 18
          },
          "end": {
            "line": 76,
            "column": 43
          }
        },
        "type": "binary-expr",
        "locations": [
          {
            "start": {
              "line": 76,
              "column": 18
            },
            "end": {
              "line": 76,
              "column": 24
            }
          },
          {
            "start": {
              "line": 76,
              "column": 28
            },
            "end": {
              "line": 76,
              "column": 43
            }
          }
        ],
        "line": 76
      },
      "10": {
        "loc": {
          "start": {
            "line": 86,
            "column": 14
          },
          "end": {
            "line": 88,
            "column": 15
          }
        },
        "type": "if",
        "locations": [
          {
            "start": {
              "line": 86,
              "column": 14
            },
            "end": {
              "line": 88,
              "column": 15
            }
          },
          {
            "start": {
              "line": 86,
              "column": 14
            },
            "end": {
              "line": 88,
              "column": 15
            }
          }
        ],
        "line": 86
      },
      "11": {
        "loc": {
          "start": {
            "line": 86,
            "column": 18
          },
          "end": {
            "line": 86,
            "column": 44
          }
        },
        "type": "binary-expr",
        "locations": [
          {
            "start": {
              "line": 86,
              "column": 18
            },
            "end": {
              "line": 86,
              "column": 24
            }
          },
          {
            "start": {
              "line": 86,
              "column": 28
            },
            "end": {
              "line": 86,
              "column": 44
            }
          }
        ],
        "line": 86
      },
      "12": {
        "loc": {
          "start": {
            "line": 107,
            "column": 6
          },
          "end": {
            "line": 120,
            "column": 7
          }
        },
        "type": "if",
        "locations": [
          {
            "start": {
              "line": 107,
              "column": 6
            },
            "end": {
              "line": 120,
              "column": 7
            }
          },
          {
            "start": {
              "line": 107,
              "column": 6
            },
            "end": {
              "line": 120,
              "column": 7
            }
          }
        ],
        "line": 107
      },
      "13": {
        "loc": {
          "start": {
            "line": 108,
            "column": 8
          },
          "end": {
            "line": 109,
            "column": 73
          }
        },
        "type": "binary-expr",
        "locations": [
          {
            "start": {
              "line": 108,
              "column": 8
            },
            "end": {
              "line": 108,
              "column": 31
            }
          },
          {
            "start": {
              "line": 109,
              "column": 9
            },
            "end": {
              "line": 109,
              "column": 28
            }
          },
          {
            "start": {
              "line": 109,
              "column": 32
            },
            "end": {
              "line": 109,
              "column": 72
            }
          }
        ],
        "line": 108
      },
      "14": {
        "loc": {
          "start": {
            "line": 128,
            "column": 2
          },
          "end": {
            "line": 136,
            "column": 3
          }
        },
        "type": "if",
        "locations": [
          {
            "start": {
              "line": 128,
              "column": 2
            },
            "end": {
              "line": 136,
              "column": 3
            }
          },
          {
            "start": {
              "line": 128,
              "column": 2
            },
            "end": {
              "line": 136,
              "column": 3
            }
          }
        ],
        "line": 128
      }
    },
    "s": {
      "0": 1,
      "1": 1,
      "2": 0,
      "3": 0,
      "4": 0,
      "5": 0,
      "6": 0,
      "7": 0,
      "8": 0,
      "9": 0,
      "10": 0,
      "11": 0,
      "12": 0,
      "13": 0,
      "14": 0,
      "15": 0,
      "16": 0,
      "17": 0,
      "18": 0,
      "19": 0,
      "20": 0,
      "21": 0,
      "22": 0,
      "23": 0,
      "24": 0,
      "25": 0,
      "26": 0,
      "27": 0,
      "28": 0,
      "29": 0,
      "30": 0,
      "31": 0,
      "32": 0,
      "33": 0,
      "34": 0,
      "35": 0,
      "36": 0,
      "37": 0,
      "38": 0
    },
    "f": {
      "0": 1,
      "1": 0,
      "2": 0,
      "3": 0,
      "4": 0,
      "5": 0,
      "6": 0,
      "7": 0,
      "8": 0,
      "9": 0,
      "10": 0,
      "11": 0,
      "12": 0,
      "13": 0,
      "14": 0,
      "15": 0
    },
    "b": {
      "0": [
        1,
        0,
        0
      ],
      "1": [
        0,
        1
      ],
      "2": [
        1,
        0
      ],
      "3": [
        0,
        0
      ],
      "4": [
        0,
        0
      ],
      "5": [
        0,
        0
      ],
      "6": [
        0,
        0
      ],
      "7": [
        0,
        0
      ],
      "8": [
        0,
        0
      ],
      "9": [
        0,
        0
      ],
      "10": [
        0,
        0
      ],
      "11": [
        0,
        0
      ],
      "12": [
        0,
        0
      ],
      "13": [
        0,
        0,
        0
      ],
      "14": [
        0,
        0
      ]
    },
    "_coverageSchema": "1a1c01bbd47fc00a2c39e90264f33305004495a9",
    "hash": "11bedf50cbc073dd456003957eb44c5234b16fb9"
  },
  "/Users/taylorgalloway/turing/4module/entombed-ui/src/index.js": {
    "path": "/Users/taylorgalloway/turing/4module/entombed-ui/src/index.js",
    "statementMap": {
      "0": {
        "start": {
          "line": 8,
          "column": 0
        },
        "end": {
          "line": 13,
          "column": 2
        }
      },
      "1": {
        "start": {
          "line": 18,
          "column": 0
        },
        "end": {
          "line": 18,
          "column": 37
        }
      }
    },
    "fnMap": {},
    "branchMap": {},
    "s": {
      "0": 1,
      "1": 1
    },
    "f": {},
    "b": {},
    "_coverageSchema": "1a1c01bbd47fc00a2c39e90264f33305004495a9",
    "hash": "6b75f082e51d639f03ad0d9b7cf2b6a27dd0e848"
  }
}