{
  "/Users/taylorgalloway/turing/4module/entombed-ui/src/components/Header/Header.js": {
    "path": "/Users/taylorgalloway/turing/4module/entombed-ui/src/components/Header/Header.js",
    "statementMap": {
      "0": {
        "start": {
          "line": 6,
          "column": 15
        },
        "end": {
          "line": 30,
          "column": 1
        }
      },
      "1": {
        "start": {
          "line": 8,
          "column": 4
        },
        "end": {
          "line": 8,
          "column": 54
        }
      },
      "2": {
        "start": {
          "line": 9,
          "column": 4
        },
        "end": {
          "line": 29,
          "column": 5
        }
      },
      "3": {
        "start": {
          "line": 27,
          "column": 54
        },
        "end": {
          "line": 27,
          "column": 62
        }
      }
    },
    "fnMap": {
      "0": {
        "name": "(anonymous_0)",
        "decl": {
          "start": {
            "line": 6,
            "column": 15
          },
          "end": {
            "line": 6,
            "column": 16
          }
        },
        "loc": {
          "start": {
            "line": 6,
            "column": 41
          },
          "end": {
            "line": 30,
            "column": 1
          }
        },
        "line": 6
      },
      "1": {
        "name": "(anonymous_1)",
        "decl": {
          "start": {
            "line": 27,
            "column": 48
          },
          "end": {
            "line": 27,
            "column": 49
          }
        },
        "loc": {
          "start": {
            "line": 27,
            "column": 54
          },
          "end": {
            "line": 27,
            "column": 62
          }
        },
        "line": 27
      }
    },
    "branchMap": {
      "0": {
        "loc": {
          "start": {
            "line": 8,
            "column": 4
          },
          "end": {
            "line": 8,
            "column": 53
          }
        },
        "type": "cond-expr",
        "locations": [
          {
            "start": {
              "line": 8,
              "column": 17
            },
            "end": {
              "line": 8,
              "column": 33
            }
          },
          {
            "start": {
              "line": 8,
              "column": 36
            },
            "end": {
              "line": 8,
              "column": 53
            }
          }
        ],
        "line": 8
      }
    },
    "s": {
      "0": 85,
      "1": 479,
      "2": 479,
      "3": 13
    },
    "f": {
      "0": 479,
      "1": 13
    },
    "b": {
      "0": [
        14,
        465
      ]
    },
    "_coverageSchema": "1a1c01bbd47fc00a2c39e90264f33305004495a9",
    "hash": "3c1339dd9deda47f489e48ced2c2943f788e2ffc"
  },
  "/Users/taylorgalloway/turing/4module/entombed-ui/src/utilities/apiCalls.js": {
    "path": "/Users/taylorgalloway/turing/4module/entombed-ui/src/utilities/apiCalls.js",
    "statementMap": {
      "0": {
        "start": {
          "line": 1,
          "column": 16
        },
        "end": {
          "line": 1,
          "column": 61
        }
      },
      "1": {
        "start": {
          "line": 3,
          "column": 26
        },
        "end": {
          "line": 40,
          "column": 1
        }
      },
      "2": {
        "start": {
          "line": 4,
          "column": 20
        },
        "end": {
          "line": 9,
          "column": 5
        }
      },
      "3": {
        "start": {
          "line": 10,
          "column": 14
        },
        "end": {
          "line": 10,
          "column": 71
        }
      },
      "4": {
        "start": {
          "line": 11,
          "column": 4
        },
        "end": {
          "line": 28,
          "column": 5
        }
      },
      "5": {
        "start": {
          "line": 12,
          "column": 8
        },
        "end": {
          "line": 12,
          "column": 32
        }
      },
      "6": {
        "start": {
          "line": 13,
          "column": 25
        },
        "end": {
          "line": 13,
          "column": 39
        }
      },
      "7": {
        "start": {
          "line": 14,
          "column": 8
        },
        "end": {
          "line": 14,
          "column": 49
        }
      },
      "8": {
        "start": {
          "line": 15,
          "column": 8
        },
        "end": {
          "line": 15,
          "column": 30
        }
      },
      "9": {
        "start": {
          "line": 16,
          "column": 8
        },
        "end": {
          "line": 16,
          "column": 36
        }
      },
      "10": {
        "start": {
          "line": 17,
          "column": 11
        },
        "end": {
          "line": 28,
          "column": 5
        }
      },
      "11": {
        "start": {
          "line": 18,
          "column": 8
        },
        "end": {
          "line": 18,
          "column": 23
        }
      },
      "12": {
        "start": {
          "line": 19,
          "column": 25
        },
        "end": {
          "line": 19,
          "column": 39
        }
      },
      "13": {
        "start": {
          "line": 20,
          "column": 8
        },
        "end": {
          "line": 20,
          "column": 39
        }
      },
      "14": {
        "start": {
          "line": 21,
          "column": 8
        },
        "end": {
          "line": 21,
          "column": 33
        }
      },
      "15": {
        "start": {
          "line": 22,
          "column": 8
        },
        "end": {
          "line": 22,
          "column": 30
        }
      },
      "16": {
        "start": {
          "line": 23,
          "column": 8
        },
        "end": {
          "line": 23,
          "column": 36
        }
      },
      "17": {
        "start": {
          "line": 25,
          "column": 26
        },
        "end": {
          "line": 25,
          "column": 28
        }
      },
      "18": {
        "start": {
          "line": 26,
          "column": 8
        },
        "end": {
          "line": 26,
          "column": 33
        }
      },
      "19": {
        "start": {
          "line": 27,
          "column": 8
        },
        "end": {
          "line": 27,
          "column": 55
        }
      },
      "20": {
        "start": {
          "line": 29,
          "column": 4
        },
        "end": {
          "line": 39,
          "column": 5
        }
      },
      "21": {
        "start": {
          "line": 30,
          "column": 25
        },
        "end": {
          "line": 30,
          "column": 52
        }
      },
      "22": {
        "start": {
          "line": 31,
          "column": 8
        },
        "end": {
          "line": 36,
          "column": 9
        }
      },
      "23": {
        "start": {
          "line": 32,
          "column": 12
        },
        "end": {
          "line": 32,
          "column": 72
        }
      },
      "24": {
        "start": {
          "line": 34,
          "column": 27
        },
        "end": {
          "line": 34,
          "column": 48
        }
      },
      "25": {
        "start": {
          "line": 35,
          "column": 12
        },
        "end": {
          "line": 35,
          "column": 41
        }
      },
      "26": {
        "start": {
          "line": 38,
          "column": 8
        },
        "end": {
          "line": 38,
          "column": 68
        }
      },
      "27": {
        "start": {
          "line": 42,
          "column": 25
        },
        "end": {
          "line": 59,
          "column": 3
        }
      },
      "28": {
        "start": {
          "line": 43,
          "column": 16
        },
        "end": {
          "line": 43,
          "column": 43
        }
      },
      "29": {
        "start": {
          "line": 44,
          "column": 4
        },
        "end": {
          "line": 58,
          "column": 5
        }
      },
      "30": {
        "start": {
          "line": 45,
          "column": 23
        },
        "end": {
          "line": 45,
          "column": 39
        }
      },
      "31": {
        "start": {
          "line": 46,
          "column": 23
        },
        "end": {
          "line": 46,
          "column": 44
        }
      },
      "32": {
        "start": {
          "line": 48,
          "column": 23
        },
        "end": {
          "line": 48,
          "column": 54
        }
      },
      "33": {
        "start": {
          "line": 49,
          "column": 23
        },
        "end": {
          "line": 49,
          "column": 44
        }
      },
      "34": {
        "start": {
          "line": 51,
          "column": 24
        },
        "end": {
          "line": 51,
          "column": 56
        }
      },
      "35": {
        "start": {
          "line": 52,
          "column": 25
        },
        "end": {
          "line": 52,
          "column": 47
        }
      },
      "36": {
        "start": {
          "line": 54,
          "column": 26
        },
        "end": {
          "line": 54,
          "column": 77
        }
      },
      "37": {
        "start": {
          "line": 55,
          "column": 6
        },
        "end": {
          "line": 55,
          "column": 24
        }
      },
      "38": {
        "start": {
          "line": 57,
          "column": 8
        },
        "end": {
          "line": 57,
          "column": 79
        }
      },
      "39": {
        "start": {
          "line": 61,
          "column": 31
        },
        "end": {
          "line": 77,
          "column": 1
        }
      },
      "40": {
        "start": {
          "line": 62,
          "column": 2
        },
        "end": {
          "line": 76,
          "column": 3
        }
      },
      "41": {
        "start": {
          "line": 63,
          "column": 21
        },
        "end": {
          "line": 67,
          "column": 6
        }
      },
      "42": {
        "start": {
          "line": 68,
          "column": 4
        },
        "end": {
          "line": 73,
          "column": 5
        }
      },
      "43": {
        "start": {
          "line": 69,
          "column": 8
        },
        "end": {
          "line": 69,
          "column": 58
        }
      },
      "44": {
        "start": {
          "line": 71,
          "column": 21
        },
        "end": {
          "line": 71,
          "column": 42
        }
      },
      "45": {
        "start": {
          "line": 72,
          "column": 8
        },
        "end": {
          "line": 72,
          "column": 19
        }
      },
      "46": {
        "start": {
          "line": 75,
          "column": 6
        },
        "end": {
          "line": 75,
          "column": 30
        }
      },
      "47": {
        "start": {
          "line": 79,
          "column": 30
        },
        "end": {
          "line": 97,
          "column": 1
        }
      },
      "48": {
        "start": {
          "line": 80,
          "column": 25
        },
        "end": {
          "line": 80,
          "column": 73
        }
      },
      "49": {
        "start": {
          "line": 81,
          "column": 4
        },
        "end": {
          "line": 96,
          "column": 7
        }
      },
      "50": {
        "start": {
          "line": 82,
          "column": 25
        },
        "end": {
          "line": 88,
          "column": 10
        }
      },
      "51": {
        "start": {
          "line": 89,
          "column": 8
        },
        "end": {
          "line": 93,
          "column": 9
        }
      },
      "52": {
        "start": {
          "line": 90,
          "column": 12
        },
        "end": {
          "line": 90,
          "column": 63
        }
      },
      "53": {
        "start": {
          "line": 92,
          "column": 12
        },
        "end": {
          "line": 92,
          "column": 41
        }
      },
      "54": {
        "start": {
          "line": 95,
          "column": 10
        },
        "end": {
          "line": 95,
          "column": 34
        }
      }
    },
    "fnMap": {
      "0": {
        "name": "(anonymous_0)",
        "decl": {
          "start": {
            "line": 3,
            "column": 26
          },
          "end": {
            "line": 3,
            "column": 27
          }
        },
        "loc": {
          "start": {
            "line": 3,
            "column": 54
          },
          "end": {
            "line": 40,
            "column": 1
          }
        },
        "line": 3
      },
      "1": {
        "name": "(anonymous_1)",
        "decl": {
          "start": {
            "line": 42,
            "column": 25
          },
          "end": {
            "line": 42,
            "column": 26
          }
        },
        "loc": {
          "start": {
            "line": 42,
            "column": 43
          },
          "end": {
            "line": 59,
            "column": 3
          }
        },
        "line": 42
      },
      "2": {
        "name": "(anonymous_2)",
        "decl": {
          "start": {
            "line": 61,
            "column": 31
          },
          "end": {
            "line": 61,
            "column": 32
          }
        },
        "loc": {
          "start": {
            "line": 61,
            "column": 54
          },
          "end": {
            "line": 77,
            "column": 1
          }
        },
        "line": 61
      },
      "3": {
        "name": "(anonymous_3)",
        "decl": {
          "start": {
            "line": 79,
            "column": 30
          },
          "end": {
            "line": 79,
            "column": 31
          }
        },
        "loc": {
          "start": {
            "line": 79,
            "column": 44
          },
          "end": {
            "line": 97,
            "column": 1
          }
        },
        "line": 79
      }
    },
    "branchMap": {
      "0": {
        "loc": {
          "start": {
            "line": 11,
            "column": 4
          },
          "end": {
            "line": 28,
            "column": 5
          }
        },
        "type": "if",
        "locations": [
          {
            "start": {
              "line": 11,
              "column": 4
            },
            "end": {
              "line": 28,
              "column": 5
            }
          },
          {
            "start": {
              "line": 11,
              "column": 4
            },
            "end": {
              "line": 28,
              "column": 5
            }
          }
        ],
        "line": 11
      },
      "1": {
        "loc": {
          "start": {
            "line": 17,
            "column": 11
          },
          "end": {
            "line": 28,
            "column": 5
          }
        },
        "type": "if",
        "locations": [
          {
            "start": {
              "line": 17,
              "column": 11
            },
            "end": {
              "line": 28,
              "column": 5
            }
          },
          {
            "start": {
              "line": 17,
              "column": 11
            },
            "end": {
              "line": 28,
              "column": 5
            }
          }
        ],
        "line": 17
      },
      "2": {
        "loc": {
          "start": {
            "line": 31,
            "column": 8
          },
          "end": {
            "line": 36,
            "column": 9
          }
        },
        "type": "if",
        "locations": [
          {
            "start": {
              "line": 31,
              "column": 8
            },
            "end": {
              "line": 36,
              "column": 9
            }
          },
          {
            "start": {
              "line": 31,
              "column": 8
            },
            "end": {
              "line": 36,
              "column": 9
            }
          }
        ],
        "line": 31
      },
      "3": {
        "loc": {
          "start": {
            "line": 68,
            "column": 4
          },
          "end": {
            "line": 73,
            "column": 5
          }
        },
        "type": "if",
        "locations": [
          {
            "start": {
              "line": 68,
              "column": 4
            },
            "end": {
              "line": 73,
              "column": 5
            }
          },
          {
            "start": {
              "line": 68,
              "column": 4
            },
            "end": {
              "line": 73,
              "column": 5
            }
          }
        ],
        "line": 68
      },
      "4": {
        "loc": {
          "start": {
            "line": 89,
            "column": 8
          },
          "end": {
            "line": 93,
            "column": 9
          }
        },
        "type": "if",
        "locations": [
          {
            "start": {
              "line": 89,
              "column": 8
            },
            "end": {
              "line": 93,
              "column": 9
            }
          },
          {
            "start": {
              "line": 89,
              "column": 8
            },
            "end": {
              "line": 93,
              "column": 9
            }
          }
        ],
        "line": 89
      }
    },
    "s": {
      "0": 85,
      "1": 85,
      "2": 13,
      "3": 13,
      "4": 13,
      "5": 4,
      "6": 4,
      "7": 4,
      "8": 4,
      "9": 4,
      "10": 9,
      "11": 4,
      "12": 4,
      "13": 4,
      "14": 4,
      "15": 4,
      "16": 4,
      "17": 5,
      "18": 5,
      "19": 5,
      "20": 13,
      "21": 13,
      "22": 13,
      "23": 3,
      "24": 10,
      "25": 10,
      "26": 3,
      "27": 85,
      "28": 86,
      "29": 86,
      "30": 86,
      "31": 86,
      "32": 75,
      "33": 75,
      "34": 75,
      "35": 74,
      "36": 72,
      "37": 72,
      "38": 9,
      "39": 85,
      "40": 15,
      "41": 15,
      "42": 15,
      "43": 2,
      "44": 13,
      "45": 13,
      "46": 2,
      "47": 85,
      "48": 2,
      "49": 2,
      "50": 2,
      "51": 2,
      "52": 0,
      "53": 2,
      "54": 0
    },
    "f": {
      "0": 13,
      "1": 86,
      "2": 15,
      "3": 2
    },
    "b": {
      "0": [
        4,
        9
      ],
      "1": [
        4,
        5
      ],
      "2": [
        3,
        10
      ],
      "3": [
        2,
        13
      ],
      "4": [
        0,
        2
      ]
    },
    "_coverageSchema": "1a1c01bbd47fc00a2c39e90264f33305004495a9",
    "hash": "278a8744683df1c25e1a2b16ed143bc837cc38bf"
  },
  "/Users/taylorgalloway/turing/4module/entombed-ui/src/components/CountdownPane/CountdownPane.js": {
    "path": "/Users/taylorgalloway/turing/4module/entombed-ui/src/components/CountdownPane/CountdownPane.js",
    "statementMap": {
      "0": {
        "start": {
          "line": 8,
          "column": 29
        },
        "end": {
          "line": 103,
          "column": 1
        }
      },
      "1": {
        "start": {
          "line": 9,
          "column": 34
        },
        "end": {
          "line": 9,
          "column": 45
        }
      },
      "2": {
        "start": {
          "line": 10,
          "column": 38
        },
        "end": {
          "line": 10,
          "column": 49
        }
      },
      "3": {
        "start": {
          "line": 11,
          "column": 28
        },
        "end": {
          "line": 11,
          "column": 41
        }
      },
      "4": {
        "start": {
          "line": 12,
          "column": 32
        },
        "end": {
          "line": 12,
          "column": 44
        }
      },
      "5": {
        "start": {
          "line": 13,
          "column": 28
        },
        "end": {
          "line": 13,
          "column": 40
        }
      },
      "6": {
        "start": {
          "line": 15,
          "column": 2
        },
        "end": {
          "line": 17,
          "column": 8
        }
      },
      "7": {
        "start": {
          "line": 16,
          "column": 4
        },
        "end": {
          "line": 16,
          "column": 23
        }
      },
      "8": {
        "start": {
          "line": 19,
          "column": 28
        },
        "end": {
          "line": 52,
          "column": 3
        }
      },
      "9": {
        "start": {
          "line": 21,
          "column": 4
        },
        "end": {
          "line": 21,
          "column": 16
        }
      },
      "10": {
        "start": {
          "line": 22,
          "column": 21
        },
        "end": {
          "line": 22,
          "column": 35
        }
      },
      "11": {
        "start": {
          "line": 23,
          "column": 4
        },
        "end": {
          "line": 23,
          "column": 59
        }
      },
      "12": {
        "start": {
          "line": 24,
          "column": 4
        },
        "end": {
          "line": 24,
          "column": 23
        }
      },
      "13": {
        "start": {
          "line": 26,
          "column": 23
        },
        "end": {
          "line": 26,
          "column": 59
        }
      },
      "14": {
        "start": {
          "line": 28,
          "column": 26
        },
        "end": {
          "line": 28,
          "column": 28
        }
      },
      "15": {
        "start": {
          "line": 30,
          "column": 4
        },
        "end": {
          "line": 37,
          "column": 5
        }
      },
      "16": {
        "start": {
          "line": 31,
          "column": 6
        },
        "end": {
          "line": 36,
          "column": 7
        }
      },
      "17": {
        "start": {
          "line": 39,
          "column": 4
        },
        "end": {
          "line": 49,
          "column": 5
        }
      },
      "18": {
        "start": {
          "line": 40,
          "column": 6
        },
        "end": {
          "line": 48,
          "column": 7
        }
      },
      "19": {
        "start": {
          "line": 41,
          "column": 25
        },
        "end": {
          "line": 41,
          "column": 49
        }
      },
      "20": {
        "start": {
          "line": 42,
          "column": 8
        },
        "end": {
          "line": 45,
          "column": 9
        }
      },
      "21": {
        "start": {
          "line": 43,
          "column": 10
        },
        "end": {
          "line": 43,
          "column": 54
        }
      },
      "22": {
        "start": {
          "line": 44,
          "column": 10
        },
        "end": {
          "line": 44,
          "column": 58
        }
      },
      "23": {
        "start": {
          "line": 44,
          "column": 36
        },
        "end": {
          "line": 44,
          "column": 50
        }
      },
      "24": {
        "start": {
          "line": 47,
          "column": 8
        },
        "end": {
          "line": 47,
          "column": 41
        }
      },
      "25": {
        "start": {
          "line": 51,
          "column": 4
        },
        "end": {
          "line": 51,
          "column": 32
        }
      },
      "26": {
        "start": {
          "line": 54,
          "column": 28
        },
        "end": {
          "line": 63,
          "column": 3
        }
      },
      "27": {
        "start": {
          "line": 55,
          "column": 21
        },
        "end": {
          "line": 55,
          "column": 40
        }
      },
      "28": {
        "start": {
          "line": 56,
          "column": 21
        },
        "end": {
          "line": 56,
          "column": 40
        }
      },
      "29": {
        "start": {
          "line": 57,
          "column": 22
        },
        "end": {
          "line": 57,
          "column": 41
        }
      },
      "30": {
        "start": {
          "line": 58,
          "column": 19
        },
        "end": {
          "line": 58,
          "column": 30
        }
      },
      "31": {
        "start": {
          "line": 59,
          "column": 22
        },
        "end": {
          "line": 59,
          "column": 38
        }
      },
      "32": {
        "start": {
          "line": 60,
          "column": 17
        },
        "end": {
          "line": 60,
          "column": 38
        }
      },
      "33": {
        "start": {
          "line": 62,
          "column": 4
        },
        "end": {
          "line": 62,
          "column": 35
        }
      },
      "34": {
        "start": {
          "line": 65,
          "column": 2
        },
        "end": {
          "line": 102,
          "column": 3
        }
      }
    },
    "fnMap": {
      "0": {
        "name": "(anonymous_0)",
        "decl": {
          "start": {
            "line": 8,
            "column": 29
          },
          "end": {
            "line": 8,
            "column": 30
          }
        },
        "loc": {
          "start": {
            "line": 8,
            "column": 54
          },
          "end": {
            "line": 103,
            "column": 1
          }
        },
        "line": 8
      },
      "1": {
        "name": "(anonymous_1)",
        "decl": {
          "start": {
            "line": 15,
            "column": 12
          },
          "end": {
            "line": 15,
            "column": 13
          }
        },
        "loc": {
          "start": {
            "line": 15,
            "column": 18
          },
          "end": {
            "line": 17,
            "column": 3
          }
        },
        "line": 15
      },
      "2": {
        "name": "(anonymous_2)",
        "decl": {
          "start": {
            "line": 19,
            "column": 28
          },
          "end": {
            "line": 19,
            "column": 29
          }
        },
        "loc": {
          "start": {
            "line": 19,
            "column": 39
          },
          "end": {
            "line": 52,
            "column": 3
          }
        },
        "line": 19
      },
      "3": {
        "name": "(anonymous_3)",
        "decl": {
          "start": {
            "line": 44,
            "column": 30
          },
          "end": {
            "line": 44,
            "column": 31
          }
        },
        "loc": {
          "start": {
            "line": 44,
            "column": 36
          },
          "end": {
            "line": 44,
            "column": 50
          }
        },
        "line": 44
      },
      "4": {
        "name": "(anonymous_4)",
        "decl": {
          "start": {
            "line": 54,
            "column": 28
          },
          "end": {
            "line": 54,
            "column": 29
          }
        },
        "loc": {
          "start": {
            "line": 54,
            "column": 34
          },
          "end": {
            "line": 63,
            "column": 3
          }
        },
        "line": 54
      }
    },
    "branchMap": {
      "0": {
        "loc": {
          "start": {
            "line": 30,
            "column": 4
          },
          "end": {
            "line": 37,
            "column": 5
          }
        },
        "type": "if",
        "locations": [
          {
            "start": {
              "line": 30,
              "column": 4
            },
            "end": {
              "line": 37,
              "column": 5
            }
          },
          {
            "start": {
              "line": 30,
              "column": 4
            },
            "end": {
              "line": 37,
              "column": 5
            }
          }
        ],
        "line": 30
      },
      "1": {
        "loc": {
          "start": {
            "line": 39,
            "column": 4
          },
          "end": {
            "line": 49,
            "column": 5
          }
        },
        "type": "if",
        "locations": [
          {
            "start": {
              "line": 39,
              "column": 4
            },
            "end": {
              "line": 49,
              "column": 5
            }
          },
          {
            "start": {
              "line": 39,
              "column": 4
            },
            "end": {
              "line": 49,
              "column": 5
            }
          }
        ],
        "line": 39
      },
      "2": {
        "loc": {
          "start": {
            "line": 42,
            "column": 8
          },
          "end": {
            "line": 45,
            "column": 9
          }
        },
        "type": "if",
        "locations": [
          {
            "start": {
              "line": 42,
              "column": 8
            },
            "end": {
              "line": 45,
              "column": 9
            }
          },
          {
            "start": {
              "line": 42,
              "column": 8
            },
            "end": {
              "line": 45,
              "column": 9
            }
          }
        ],
        "line": 42
      },
      "3": {
        "loc": {
          "start": {
            "line": 68,
            "column": 11
          },
          "end": {
            "line": 68,
            "column": 90
          }
        },
        "type": "cond-expr",
        "locations": [
          {
            "start": {
              "line": 68,
              "column": 26
            },
            "end": {
              "line": 68,
              "column": 42
            }
          },
          {
            "start": {
              "line": 68,
              "column": 45
            },
            "end": {
              "line": 68,
              "column": 90
            }
          }
        ],
        "line": 68
      },
      "4": {
        "loc": {
          "start": {
            "line": 69,
            "column": 11
          },
          "end": {
            "line": 69,
            "column": 67
          }
        },
        "type": "binary-expr",
        "locations": [
          {
            "start": {
              "line": 69,
              "column": 11
            },
            "end": {
              "line": 69,
              "column": 20
            }
          },
          {
            "start": {
              "line": 69,
              "column": 24
            },
            "end": {
              "line": 69,
              "column": 67
            }
          }
        ],
        "line": 69
      }
    },
    "s": {
      "0": 85,
      "1": 37,
      "2": 37,
      "3": 37,
      "4": 37,
      "5": 37,
      "6": 37,
      "7": 13,
      "8": 37,
      "9": 13,
      "10": 13,
      "11": 13,
      "12": 13,
      "13": 13,
      "14": 13,
      "15": 13,
      "16": 11,
      "17": 13,
      "18": 2,
      "19": 2,
      "20": 2,
      "21": 2,
      "22": 2,
      "23": 0,
      "24": 0,
      "25": 13,
      "26": 37,
      "27": 13,
      "28": 13,
      "29": 13,
      "30": 13,
      "31": 13,
      "32": 13,
      "33": 13,
      "34": 37
    },
    "f": {
      "0": 37,
      "1": 13,
      "2": 13,
      "3": 0,
      "4": 13
    },
    "b": {
      "0": [
        11,
        2
      ],
      "1": [
        2,
        11
      ],
      "2": [
        2,
        0
      ],
      "3": [
        0,
        37
      ],
      "4": [
        37,
        8
      ]
    },
    "_coverageSchema": "1a1c01bbd47fc00a2c39e90264f33305004495a9",
    "hash": "969152589ef351d43b7041e8502f0f774687df2b"
  },
  "/Users/taylorgalloway/turing/4module/entombed-ui/src/components/ExecutorPane/ExecutorPane.js": {
    "path": "/Users/taylorgalloway/turing/4module/entombed-ui/src/components/ExecutorPane/ExecutorPane.js",
    "statementMap": {
      "0": {
        "start": {
          "line": 4,
          "column": 28
        },
        "end": {
          "line": 31,
          "column": 1
        }
      },
      "1": {
        "start": {
          "line": 5,
          "column": 2
        },
        "end": {
          "line": 30,
          "column": 3
        }
      }
    },
    "fnMap": {
      "0": {
        "name": "(anonymous_0)",
        "decl": {
          "start": {
            "line": 4,
            "column": 28
          },
          "end": {
            "line": 4,
            "column": 29
          }
        },
        "loc": {
          "start": {
            "line": 4,
            "column": 45
          },
          "end": {
            "line": 31,
            "column": 1
          }
        },
        "line": 4
      }
    },
    "branchMap": {},
    "s": {
      "0": 85,
      "1": 6
    },
    "f": {
      "0": 6
    },
    "b": {},
    "_coverageSchema": "1a1c01bbd47fc00a2c39e90264f33305004495a9",
    "hash": "14571f52e59a19c165b2f990e37661ace9fef2ca"
  },
  "/Users/taylorgalloway/turing/4module/entombed-ui/src/components/Login/Login.js": {
    "path": "/Users/taylorgalloway/turing/4module/entombed-ui/src/components/Login/Login.js",
    "statementMap": {
      "0": {
        "start": {
          "line": 4,
          "column": 21
        },
        "end": {
          "line": 89,
          "column": 1
        }
      },
      "1": {
        "start": {
          "line": 5,
          "column": 28
        },
        "end": {
          "line": 5,
          "column": 40
        }
      },
      "2": {
        "start": {
          "line": 6,
          "column": 34
        },
        "end": {
          "line": 6,
          "column": 46
        }
      },
      "3": {
        "start": {
          "line": 7,
          "column": 28
        },
        "end": {
          "line": 7,
          "column": 40
        }
      },
      "4": {
        "start": {
          "line": 8,
          "column": 34
        },
        "end": {
          "line": 8,
          "column": 48
        }
      },
      "5": {
        "start": {
          "line": 10,
          "column": 27
        },
        "end": {
          "line": 15,
          "column": 3
        }
      },
      "6": {
        "start": {
          "line": 11,
          "column": 4
        },
        "end": {
          "line": 11,
          "column": 28
        }
      },
      "7": {
        "start": {
          "line": 12,
          "column": 4
        },
        "end": {
          "line": 14,
          "column": 5
        }
      },
      "8": {
        "start": {
          "line": 13,
          "column": 6
        },
        "end": {
          "line": 13,
          "column": 24
        }
      },
      "9": {
        "start": {
          "line": 17,
          "column": 27
        },
        "end": {
          "line": 22,
          "column": 3
        }
      },
      "10": {
        "start": {
          "line": 18,
          "column": 4
        },
        "end": {
          "line": 18,
          "column": 31
        }
      },
      "11": {
        "start": {
          "line": 19,
          "column": 4
        },
        "end": {
          "line": 21,
          "column": 5
        }
      },
      "12": {
        "start": {
          "line": 20,
          "column": 6
        },
        "end": {
          "line": 20,
          "column": 24
        }
      },
      "13": {
        "start": {
          "line": 24,
          "column": 22
        },
        "end": {
          "line": 27,
          "column": 3
        }
      },
      "14": {
        "start": {
          "line": 25,
          "column": 4
        },
        "end": {
          "line": 25,
          "column": 16
        }
      },
      "15": {
        "start": {
          "line": 26,
          "column": 4
        },
        "end": {
          "line": 26,
          "column": 19
        }
      },
      "16": {
        "start": {
          "line": 29,
          "column": 28
        },
        "end": {
          "line": 43,
          "column": 3
        }
      },
      "17": {
        "start": {
          "line": 30,
          "column": 4
        },
        "end": {
          "line": 30,
          "column": 22
        }
      },
      "18": {
        "start": {
          "line": 31,
          "column": 20
        },
        "end": {
          "line": 34,
          "column": 5
        }
      },
      "19": {
        "start": {
          "line": 36,
          "column": 4
        },
        "end": {
          "line": 36,
          "column": 16
        }
      },
      "20": {
        "start": {
          "line": 37,
          "column": 4
        },
        "end": {
          "line": 42,
          "column": 5
        }
      },
      "21": {
        "start": {
          "line": 38,
          "column": 6
        },
        "end": {
          "line": 38,
          "column": 24
        }
      },
      "22": {
        "start": {
          "line": 39,
          "column": 6
        },
        "end": {
          "line": 39,
          "column": 19
        }
      },
      "23": {
        "start": {
          "line": 41,
          "column": 6
        },
        "end": {
          "line": 41,
          "column": 26
        }
      },
      "24": {
        "start": {
          "line": 45,
          "column": 2
        },
        "end": {
          "line": 88,
          "column": 3
        }
      },
      "25": {
        "start": {
          "line": 63,
          "column": 33
        },
        "end": {
          "line": 63,
          "column": 52
        }
      },
      "26": {
        "start": {
          "line": 73,
          "column": 33
        },
        "end": {
          "line": 73,
          "column": 52
        }
      },
      "27": {
        "start": {
          "line": 80,
          "column": 30
        },
        "end": {
          "line": 80,
          "column": 50
        }
      }
    },
    "fnMap": {
      "0": {
        "name": "(anonymous_0)",
        "decl": {
          "start": {
            "line": 4,
            "column": 21
          },
          "end": {
            "line": 4,
            "column": 22
          }
        },
        "loc": {
          "start": {
            "line": 4,
            "column": 46
          },
          "end": {
            "line": 89,
            "column": 1
          }
        },
        "line": 4
      },
      "1": {
        "name": "(anonymous_1)",
        "decl": {
          "start": {
            "line": 10,
            "column": 27
          },
          "end": {
            "line": 10,
            "column": 28
          }
        },
        "loc": {
          "start": {
            "line": 10,
            "column": 32
          },
          "end": {
            "line": 15,
            "column": 3
          }
        },
        "line": 10
      },
      "2": {
        "name": "(anonymous_2)",
        "decl": {
          "start": {
            "line": 17,
            "column": 27
          },
          "end": {
            "line": 17,
            "column": 28
          }
        },
        "loc": {
          "start": {
            "line": 17,
            "column": 32
          },
          "end": {
            "line": 22,
            "column": 3
          }
        },
        "line": 17
      },
      "3": {
        "name": "(anonymous_3)",
        "decl": {
          "start": {
            "line": 24,
            "column": 22
          },
          "end": {
            "line": 24,
            "column": 23
          }
        },
        "loc": {
          "start": {
            "line": 24,
            "column": 28
          },
          "end": {
            "line": 27,
            "column": 3
          }
        },
        "line": 24
      },
      "4": {
        "name": "(anonymous_4)",
        "decl": {
          "start": {
            "line": 29,
            "column": 28
          },
          "end": {
            "line": 29,
            "column": 29
          }
        },
        "loc": {
          "start": {
            "line": 29,
            "column": 39
          },
          "end": {
            "line": 43,
            "column": 3
          }
        },
        "line": 29
      },
      "5": {
        "name": "(anonymous_5)",
        "decl": {
          "start": {
            "line": 63,
            "column": 26
          },
          "end": {
            "line": 63,
            "column": 27
          }
        },
        "loc": {
          "start": {
            "line": 63,
            "column": 33
          },
          "end": {
            "line": 63,
            "column": 52
          }
        },
        "line": 63
      },
      "6": {
        "name": "(anonymous_6)",
        "decl": {
          "start": {
            "line": 73,
            "column": 26
          },
          "end": {
            "line": 73,
            "column": 27
          }
        },
        "loc": {
          "start": {
            "line": 73,
            "column": 33
          },
          "end": {
            "line": 73,
            "column": 52
          }
        },
        "line": 73
      },
      "7": {
        "name": "(anonymous_7)",
        "decl": {
          "start": {
            "line": 80,
            "column": 25
          },
          "end": {
            "line": 80,
            "column": 26
          }
        },
        "loc": {
          "start": {
            "line": 80,
            "column": 30
          },
          "end": {
            "line": 80,
            "column": 50
          }
        },
        "line": 80
      }
    },
    "branchMap": {
      "0": {
        "loc": {
          "start": {
            "line": 12,
            "column": 4
          },
          "end": {
            "line": 14,
            "column": 5
          }
        },
        "type": "if",
        "locations": [
          {
            "start": {
              "line": 12,
              "column": 4
            },
            "end": {
              "line": 14,
              "column": 5
            }
          },
          {
            "start": {
              "line": 12,
              "column": 4
            },
            "end": {
              "line": 14,
              "column": 5
            }
          }
        ],
        "line": 12
      },
      "1": {
        "loc": {
          "start": {
            "line": 12,
            "column": 8
          },
          "end": {
            "line": 12,
            "column": 25
          }
        },
        "type": "binary-expr",
        "locations": [
          {
            "start": {
              "line": 12,
              "column": 8
            },
            "end": {
              "line": 12,
              "column": 16
            }
          },
          {
            "start": {
              "line": 12,
              "column": 20
            },
            "end": {
              "line": 12,
              "column": 25
            }
          }
        ],
        "line": 12
      },
      "2": {
        "loc": {
          "start": {
            "line": 19,
            "column": 4
          },
          "end": {
            "line": 21,
            "column": 5
          }
        },
        "type": "if",
        "locations": [
          {
            "start": {
              "line": 19,
              "column": 4
            },
            "end": {
              "line": 21,
              "column": 5
            }
          },
          {
            "start": {
              "line": 19,
              "column": 4
            },
            "end": {
              "line": 21,
              "column": 5
            }
          }
        ],
        "line": 19
      },
      "3": {
        "loc": {
          "start": {
            "line": 19,
            "column": 8
          },
          "end": {
            "line": 19,
            "column": 25
          }
        },
        "type": "binary-expr",
        "locations": [
          {
            "start": {
              "line": 19,
              "column": 8
            },
            "end": {
              "line": 19,
              "column": 16
            }
          },
          {
            "start": {
              "line": 19,
              "column": 20
            },
            "end": {
              "line": 19,
              "column": 25
            }
          }
        ],
        "line": 19
      },
      "4": {
        "loc": {
          "start": {
            "line": 47,
            "column": 7
          },
          "end": {
            "line": 86,
            "column": 14
          }
        },
        "type": "cond-expr",
        "locations": [
          {
            "start": {
              "line": 48,
              "column": 8
            },
            "end": {
              "line": 85,
              "column": 18
            }
          },
          {
            "start": {
              "line": 86,
              "column": 8
            },
            "end": {
              "line": 86,
              "column": 14
            }
          }
        ],
        "line": 47
      },
      "5": {
        "loc": {
          "start": {
            "line": 51,
            "column": 15
          },
          "end": {
            "line": 52,
            "column": 81
          }
        },
        "type": "cond-expr",
        "locations": [
          {
            "start": {
              "line": 51,
              "column": 25
            },
            "end": {
              "line": 51,
              "column": 116
            }
          },
          {
            "start": {
              "line": 52,
              "column": 22
            },
            "end": {
              "line": 52,
              "column": 81
            }
          }
        ],
        "line": 51
      }
    },
    "s": {
      "0": 85,
      "1": 514,
      "2": 514,
      "3": 514,
      "4": 514,
      "5": 514,
      "6": 203,
      "7": 203,
      "8": 0,
      "9": 514,
      "10": 160,
      "11": 160,
      "12": 126,
      "13": 514,
      "14": 11,
      "15": 11,
      "16": 514,
      "17": 15,
      "18": 15,
      "19": 15,
      "20": 15,
      "21": 15,
      "22": 11,
      "23": 2,
      "24": 514,
      "25": 203,
      "26": 160,
      "27": 15
    },
    "f": {
      "0": 514,
      "1": 203,
      "2": 160,
      "3": 11,
      "4": 15,
      "5": 203,
      "6": 160,
      "7": 15
    },
    "b": {
      "0": [
        0,
        203
      ],
      "1": [
        203,
        0
      ],
      "2": [
        126,
        34
      ],
      "3": [
        160,
        140
      ],
      "4": [
        514,
        0
      ],
      "5": [
        2,
        512
      ]
    },
    "_coverageSchema": "1a1c01bbd47fc00a2c39e90264f33305004495a9",
    "hash": "e6b91d28d828e8f765f5ae76e4e63df9991c83ed"
  },
  "/Users/taylorgalloway/turing/4module/entombed-ui/src/components/MemorialPreview/MemorialPreview.js": {
    "path": "/Users/taylorgalloway/turing/4module/entombed-ui/src/components/MemorialPreview/MemorialPreview.js",
    "statementMap": {
      "0": {
        "start": {
          "line": 4,
          "column": 31
        },
        "end": {
          "line": 72,
          "column": 1
        }
      },
      "1": {
        "start": {
          "line": 5,
          "column": 2
        },
        "end": {
          "line": 5,
          "column": 35
        }
      },
      "2": {
        "start": {
          "line": 5,
          "column": 17
        },
        "end": {
          "line": 5,
          "column": 35
        }
      },
      "3": {
        "start": {
          "line": 6,
          "column": 21
        },
        "end": {
          "line": 12,
          "column": 4
        }
      },
      "4": {
        "start": {
          "line": 7,
          "column": 4
        },
        "end": {
          "line": 11,
          "column": 5
        }
      },
      "5": {
        "start": {
          "line": 14,
          "column": 26
        },
        "end": {
          "line": 18,
          "column": 3
        }
      },
      "6": {
        "start": {
          "line": 15,
          "column": 24
        },
        "end": {
          "line": 15,
          "column": 47
        }
      },
      "7": {
        "start": {
          "line": 16,
          "column": 29
        },
        "end": {
          "line": 16,
          "column": 42
        }
      },
      "8": {
        "start": {
          "line": 17,
          "column": 4
        },
        "end": {
          "line": 17,
          "column": 37
        }
      },
      "9": {
        "start": {
          "line": 20,
          "column": 2
        },
        "end": {
          "line": 71,
          "column": 3
        }
      }
    },
    "fnMap": {
      "0": {
        "name": "(anonymous_0)",
        "decl": {
          "start": {
            "line": 4,
            "column": 31
          },
          "end": {
            "line": 4,
            "column": 32
          }
        },
        "loc": {
          "start": {
            "line": 4,
            "column": 116
          },
          "end": {
            "line": 72,
            "column": 1
          }
        },
        "line": 4
      },
      "1": {
        "name": "(anonymous_1)",
        "decl": {
          "start": {
            "line": 6,
            "column": 35
          },
          "end": {
            "line": 6,
            "column": 36
          }
        },
        "loc": {
          "start": {
            "line": 6,
            "column": 53
          },
          "end": {
            "line": 12,
            "column": 3
          }
        },
        "line": 6
      },
      "2": {
        "name": "(anonymous_2)",
        "decl": {
          "start": {
            "line": 14,
            "column": 26
          },
          "end": {
            "line": 14,
            "column": 27
          }
        },
        "loc": {
          "start": {
            "line": 14,
            "column": 44
          },
          "end": {
            "line": 18,
            "column": 3
          }
        },
        "line": 14
      }
    },
    "branchMap": {
      "0": {
        "loc": {
          "start": {
            "line": 5,
            "column": 2
          },
          "end": {
            "line": 5,
            "column": 35
          }
        },
        "type": "if",
        "locations": [
          {
            "start": {
              "line": 5,
              "column": 2
            },
            "end": {
              "line": 5,
              "column": 35
            }
          },
          {
            "start": {
              "line": 5,
              "column": 2
            },
            "end": {
              "line": 5,
              "column": 35
            }
          }
        ],
        "line": 5
      },
      "1": {
        "loc": {
          "start": {
            "line": 22,
            "column": 5
          },
          "end": {
            "line": 69,
            "column": 50
          }
        },
        "type": "cond-expr",
        "locations": [
          {
            "start": {
              "line": 23,
              "column": 8
            },
            "end": {
              "line": 68,
              "column": 11
            }
          },
          {
            "start": {
              "line": 69,
              "column": 8
            },
            "end": {
              "line": 69,
              "column": 50
            }
          }
        ],
        "line": 22
      },
      "2": {
        "loc": {
          "start": {
            "line": 24,
            "column": 11
          },
          "end": {
            "line": 27,
            "column": 21
          }
        },
        "type": "binary-expr",
        "locations": [
          {
            "start": {
              "line": 24,
              "column": 11
            },
            "end": {
              "line": 24,
              "column": 20
            }
          },
          {
            "start": {
              "line": 25,
              "column": 12
            },
            "end": {
              "line": 27,
              "column": 21
            }
          }
        ],
        "line": 24
      }
    },
    "s": {
      "0": 85,
      "1": 48,
      "2": 44,
      "3": 48,
      "4": 120,
      "5": 48,
      "6": 96,
      "7": 96,
      "8": 96,
      "9": 48
    },
    "f": {
      "0": 48,
      "1": 120,
      "2": 96
    },
    "b": {
      "0": [
        44,
        4
      ],
      "1": [
        48,
        0
      ],
      "2": [
        48,
        44
      ]
    },
    "_coverageSchema": "1a1c01bbd47fc00a2c39e90264f33305004495a9",
    "hash": "a0694f2231157d63c44fdd8da77cfc57c6051179"
  },
  "/Users/taylorgalloway/turing/4module/entombed-ui/src/components/PhotoAdd/PhotoAdd.js": {
    "path": "/Users/taylorgalloway/turing/4module/entombed-ui/src/components/PhotoAdd/PhotoAdd.js",
    "statementMap": {
      "0": {
        "start": {
          "line": 6,
          "column": 17
        },
        "end": {
          "line": 58,
          "column": 1
        }
      },
      "1": {
        "start": {
          "line": 7,
          "column": 46
        },
        "end": {
          "line": 7,
          "column": 67
        }
      },
      "2": {
        "start": {
          "line": 8,
          "column": 46
        },
        "end": {
          "line": 8,
          "column": 86
        }
      },
      "3": {
        "start": {
          "line": 9,
          "column": 38
        },
        "end": {
          "line": 9,
          "column": 50
        }
      },
      "4": {
        "start": {
          "line": 11,
          "column": 25
        },
        "end": {
          "line": 15,
          "column": 5
        }
      },
      "5": {
        "start": {
          "line": 12,
          "column": 8
        },
        "end": {
          "line": 14,
          "column": 53
        }
      },
      "6": {
        "start": {
          "line": 17,
          "column": 25
        },
        "end": {
          "line": 21,
          "column": 5
        }
      },
      "7": {
        "start": {
          "line": 18,
          "column": 8
        },
        "end": {
          "line": 18,
          "column": 45
        }
      },
      "8": {
        "start": {
          "line": 19,
          "column": 8
        },
        "end": {
          "line": 19,
          "column": 64
        }
      },
      "9": {
        "start": {
          "line": 20,
          "column": 8
        },
        "end": {
          "line": 20,
          "column": 39
        }
      },
      "10": {
        "start": {
          "line": 23,
          "column": 26
        },
        "end": {
          "line": 28,
          "column": 5
        }
      },
      "11": {
        "start": {
          "line": 24,
          "column": 8
        },
        "end": {
          "line": 27,
          "column": 9
        }
      },
      "12": {
        "start": {
          "line": 25,
          "column": 12
        },
        "end": {
          "line": 25,
          "column": 47
        }
      },
      "13": {
        "start": {
          "line": 26,
          "column": 12
        },
        "end": {
          "line": 26,
          "column": 55
        }
      },
      "14": {
        "start": {
          "line": 30,
          "column": 4
        },
        "end": {
          "line": 57,
          "column": 5
        }
      },
      "15": {
        "start": {
          "line": 48,
          "column": 109
        },
        "end": {
          "line": 48,
          "column": 124
        }
      },
      "16": {
        "start": {
          "line": 49,
          "column": 121
        },
        "end": {
          "line": 49,
          "column": 136
        }
      }
    },
    "fnMap": {
      "0": {
        "name": "(anonymous_0)",
        "decl": {
          "start": {
            "line": 6,
            "column": 17
          },
          "end": {
            "line": 6,
            "column": 18
          }
        },
        "loc": {
          "start": {
            "line": 6,
            "column": 87
          },
          "end": {
            "line": 58,
            "column": 1
          }
        },
        "line": 6
      },
      "1": {
        "name": "(anonymous_1)",
        "decl": {
          "start": {
            "line": 11,
            "column": 25
          },
          "end": {
            "line": 11,
            "column": 26
          }
        },
        "loc": {
          "start": {
            "line": 11,
            "column": 32
          },
          "end": {
            "line": 15,
            "column": 5
          }
        },
        "line": 11
      },
      "2": {
        "name": "(anonymous_2)",
        "decl": {
          "start": {
            "line": 17,
            "column": 25
          },
          "end": {
            "line": 17,
            "column": 26
          }
        },
        "loc": {
          "start": {
            "line": 17,
            "column": 32
          },
          "end": {
            "line": 21,
            "column": 5
          }
        },
        "line": 17
      },
      "3": {
        "name": "(anonymous_3)",
        "decl": {
          "start": {
            "line": 23,
            "column": 26
          },
          "end": {
            "line": 23,
            "column": 27
          }
        },
        "loc": {
          "start": {
            "line": 23,
            "column": 32
          },
          "end": {
            "line": 28,
            "column": 5
          }
        },
        "line": 23
      },
      "4": {
        "name": "(anonymous_4)",
        "decl": {
          "start": {
            "line": 48,
            "column": 101
          },
          "end": {
            "line": 48,
            "column": 102
          }
        },
        "loc": {
          "start": {
            "line": 48,
            "column": 108
          },
          "end": {
            "line": 48,
            "column": 125
          }
        },
        "line": 48
      },
      "5": {
        "name": "(anonymous_5)",
        "decl": {
          "start": {
            "line": 49,
            "column": 114
          },
          "end": {
            "line": 49,
            "column": 115
          }
        },
        "loc": {
          "start": {
            "line": 49,
            "column": 121
          },
          "end": {
            "line": 49,
            "column": 136
          }
        },
        "line": 49
      }
    },
    "branchMap": {
      "0": {
        "loc": {
          "start": {
            "line": 12,
            "column": 8
          },
          "end": {
            "line": 14,
            "column": 53
          }
        },
        "type": "cond-expr",
        "locations": [
          {
            "start": {
              "line": 13,
              "column": 10
            },
            "end": {
              "line": 13,
              "column": 105
            }
          },
          {
            "start": {
              "line": 14,
              "column": 10
            },
            "end": {
              "line": 14,
              "column": 53
            }
          }
        ],
        "line": 12
      },
      "1": {
        "loc": {
          "start": {
            "line": 13,
            "column": 10
          },
          "end": {
            "line": 13,
            "column": 105
          }
        },
        "type": "binary-expr",
        "locations": [
          {
            "start": {
              "line": 13,
              "column": 10
            },
            "end": {
              "line": 13,
              "column": 58
            }
          },
          {
            "start": {
              "line": 13,
              "column": 62
            },
            "end": {
              "line": 13,
              "column": 105
            }
          }
        ],
        "line": 13
      },
      "2": {
        "loc": {
          "start": {
            "line": 24,
            "column": 8
          },
          "end": {
            "line": 27,
            "column": 9
          }
        },
        "type": "if",
        "locations": [
          {
            "start": {
              "line": 24,
              "column": 8
            },
            "end": {
              "line": 27,
              "column": 9
            }
          },
          {
            "start": {
              "line": 24,
              "column": 8
            },
            "end": {
              "line": 27,
              "column": 9
            }
          }
        ],
        "line": 24
      },
      "3": {
        "loc": {
          "start": {
            "line": 24,
            "column": 12
          },
          "end": {
            "line": 24,
            "column": 64
          }
        },
        "type": "binary-expr",
        "locations": [
          {
            "start": {
              "line": 24,
              "column": 12
            },
            "end": {
              "line": 24,
              "column": 30
            }
          },
          {
            "start": {
              "line": 24,
              "column": 34
            },
            "end": {
              "line": 24,
              "column": 64
            }
          }
        ],
        "line": 24
      },
      "4": {
        "loc": {
          "start": {
            "line": 33,
            "column": 13
          },
          "end": {
            "line": 33,
            "column": 99
          }
        },
        "type": "binary-expr",
        "locations": [
          {
            "start": {
              "line": 33,
              "column": 13
            },
            "end": {
              "line": 33,
              "column": 31
            }
          },
          {
            "start": {
              "line": 33,
              "column": 35
            },
            "end": {
              "line": 33,
              "column": 99
            }
          }
        ],
        "line": 33
      },
      "5": {
        "loc": {
          "start": {
            "line": 34,
            "column": 13
          },
          "end": {
            "line": 34,
            "column": 101
          }
        },
        "type": "binary-expr",
        "locations": [
          {
            "start": {
              "line": 34,
              "column": 13
            },
            "end": {
              "line": 34,
              "column": 31
            }
          },
          {
            "start": {
              "line": 34,
              "column": 35
            },
            "end": {
              "line": 34,
              "column": 101
            }
          }
        ],
        "line": 34
      },
      "6": {
        "loc": {
          "start": {
            "line": 38,
            "column": 13
          },
          "end": {
            "line": 38,
            "column": 49
          }
        },
        "type": "binary-expr",
        "locations": [
          {
            "start": {
              "line": 38,
              "column": 13
            },
            "end": {
              "line": 38,
              "column": 30
            }
          },
          {
            "start": {
              "line": 38,
              "column": 34
            },
            "end": {
              "line": 38,
              "column": 49
            }
          }
        ],
        "line": 38
      },
      "7": {
        "loc": {
          "start": {
            "line": 49,
            "column": 30
          },
          "end": {
            "line": 49,
            "column": 63
          }
        },
        "type": "cond-expr",
        "locations": [
          {
            "start": {
              "line": 49,
              "column": 49
            },
            "end": {
              "line": 49,
              "column": 58
            }
          },
          {
            "start": {
              "line": 49,
              "column": 61
            },
            "end": {
              "line": 49,
              "column": 63
            }
          }
        ],
        "line": 49
      }
    },
    "s": {
      "0": 85,
      "1": 36,
      "2": 36,
      "3": 36,
      "4": 36,
      "5": 8,
      "6": 36,
      "7": 8,
      "8": 8,
      "9": 8,
      "10": 36,
      "11": 26,
      "12": 10,
      "13": 10,
      "14": 36,
      "15": 8,
      "16": 8
    },
    "f": {
      "0": 36,
      "1": 8,
      "2": 8,
      "3": 26,
      "4": 8,
      "5": 8
    },
    "b": {
      "0": [
        4,
        4
      ],
      "1": [
        4,
        4
      ],
      "2": [
        10,
        16
      ],
      "3": [
        26,
        26
      ],
      "4": [
        36,
        26
      ],
      "5": [
        36,
        10
      ],
      "6": [
        36,
        26
      ],
      "7": [
        10,
        26
      ]
    },
    "_coverageSchema": "1a1c01bbd47fc00a2c39e90264f33305004495a9",
    "hash": "10bd3f0e717164eb3a939c2a83c259e1e64e8c1c"
  },
  "/Users/taylorgalloway/turing/4module/entombed-ui/src/components/GalleryPane/GalleryPane.js": {
    "path": "/Users/taylorgalloway/turing/4module/entombed-ui/src/components/GalleryPane/GalleryPane.js",
    "statementMap": {
      "0": {
        "start": {
          "line": 5,
          "column": 27
        },
        "end": {
          "line": 162,
          "column": 1
        }
      },
      "1": {
        "start": {
          "line": 7,
          "column": 2
        },
        "end": {
          "line": 161,
          "column": 3
        }
      }
    },
    "fnMap": {
      "0": {
        "name": "(anonymous_0)",
        "decl": {
          "start": {
            "line": 5,
            "column": 27
          },
          "end": {
            "line": 5,
            "column": 28
          }
        },
        "loc": {
          "start": {
            "line": 5,
            "column": 57
          },
          "end": {
            "line": 162,
            "column": 1
          }
        },
        "line": 5
      }
    },
    "branchMap": {
      "0": {
        "loc": {
          "start": {
            "line": 14,
            "column": 11
          },
          "end": {
            "line": 14,
            "column": 125
          }
        },
        "type": "cond-expr",
        "locations": [
          {
            "start": {
              "line": 14,
              "column": 23
            },
            "end": {
              "line": 14,
              "column": 66
            }
          },
          {
            "start": {
              "line": 14,
              "column": 69
            },
            "end": {
              "line": 14,
              "column": 125
            }
          }
        ],
        "line": 14
      },
      "1": {
        "loc": {
          "start": {
            "line": 32,
            "column": 13
          },
          "end": {
            "line": 36,
            "column": 28
          }
        },
        "type": "binary-expr",
        "locations": [
          {
            "start": {
              "line": 32,
              "column": 13
            },
            "end": {
              "line": 32,
              "column": 25
            }
          },
          {
            "start": {
              "line": 32,
              "column": 29
            },
            "end": {
              "line": 36,
              "column": 28
            }
          }
        ],
        "line": 32
      },
      "2": {
        "loc": {
          "start": {
            "line": 39,
            "column": 13
          },
          "end": {
            "line": 43,
            "column": 28
          }
        },
        "type": "binary-expr",
        "locations": [
          {
            "start": {
              "line": 39,
              "column": 13
            },
            "end": {
              "line": 39,
              "column": 25
            }
          },
          {
            "start": {
              "line": 39,
              "column": 29
            },
            "end": {
              "line": 43,
              "column": 28
            }
          }
        ],
        "line": 39
      },
      "3": {
        "loc": {
          "start": {
            "line": 47,
            "column": 11
          },
          "end": {
            "line": 51,
            "column": 28
          }
        },
        "type": "binary-expr",
        "locations": [
          {
            "start": {
              "line": 47,
              "column": 11
            },
            "end": {
              "line": 47,
              "column": 23
            }
          },
          {
            "start": {
              "line": 47,
              "column": 27
            },
            "end": {
              "line": 51,
              "column": 28
            }
          }
        ],
        "line": 47
      },
      "4": {
        "loc": {
          "start": {
            "line": 58,
            "column": 13
          },
          "end": {
            "line": 62,
            "column": 28
          }
        },
        "type": "binary-expr",
        "locations": [
          {
            "start": {
              "line": 58,
              "column": 13
            },
            "end": {
              "line": 58,
              "column": 25
            }
          },
          {
            "start": {
              "line": 58,
              "column": 29
            },
            "end": {
              "line": 62,
              "column": 28
            }
          }
        ],
        "line": 58
      },
      "5": {
        "loc": {
          "start": {
            "line": 65,
            "column": 13
          },
          "end": {
            "line": 69,
            "column": 28
          }
        },
        "type": "binary-expr",
        "locations": [
          {
            "start": {
              "line": 65,
              "column": 13
            },
            "end": {
              "line": 65,
              "column": 26
            }
          },
          {
            "start": {
              "line": 65,
              "column": 30
            },
            "end": {
              "line": 69,
              "column": 28
            }
          }
        ],
        "line": 65
      },
      "6": {
        "loc": {
          "start": {
            "line": 74,
            "column": 13
          },
          "end": {
            "line": 78,
            "column": 28
          }
        },
        "type": "binary-expr",
        "locations": [
          {
            "start": {
              "line": 74,
              "column": 13
            },
            "end": {
              "line": 74,
              "column": 25
            }
          },
          {
            "start": {
              "line": 74,
              "column": 29
            },
            "end": {
              "line": 78,
              "column": 28
            }
          }
        ],
        "line": 74
      },
      "7": {
        "loc": {
          "start": {
            "line": 81,
            "column": 13
          },
          "end": {
            "line": 85,
            "column": 30
          }
        },
        "type": "binary-expr",
        "locations": [
          {
            "start": {
              "line": 81,
              "column": 13
            },
            "end": {
              "line": 81,
              "column": 25
            }
          },
          {
            "start": {
              "line": 81,
              "column": 29
            },
            "end": {
              "line": 85,
              "column": 30
            }
          }
        ],
        "line": 81
      },
      "8": {
        "loc": {
          "start": {
            "line": 88,
            "column": 13
          },
          "end": {
            "line": 92,
            "column": 30
          }
        },
        "type": "binary-expr",
        "locations": [
          {
            "start": {
              "line": 88,
              "column": 13
            },
            "end": {
              "line": 88,
              "column": 25
            }
          },
          {
            "start": {
              "line": 88,
              "column": 29
            },
            "end": {
              "line": 92,
              "column": 30
            }
          }
        ],
        "line": 88
      },
      "9": {
        "loc": {
          "start": {
            "line": 95,
            "column": 13
          },
          "end": {
            "line": 99,
            "column": 32
          }
        },
        "type": "binary-expr",
        "locations": [
          {
            "start": {
              "line": 95,
              "column": 13
            },
            "end": {
              "line": 95,
              "column": 25
            }
          },
          {
            "start": {
              "line": 95,
              "column": 29
            },
            "end": {
              "line": 99,
              "column": 32
            }
          }
        ],
        "line": 95
      },
      "10": {
        "loc": {
          "start": {
            "line": 105,
            "column": 11
          },
          "end": {
            "line": 109,
            "column": 32
          }
        },
        "type": "binary-expr",
        "locations": [
          {
            "start": {
              "line": 105,
              "column": 11
            },
            "end": {
              "line": 105,
              "column": 23
            }
          },
          {
            "start": {
              "line": 105,
              "column": 27
            },
            "end": {
              "line": 109,
              "column": 32
            }
          }
        ],
        "line": 105
      },
      "11": {
        "loc": {
          "start": {
            "line": 112,
            "column": 13
          },
          "end": {
            "line": 116,
            "column": 32
          }
        },
        "type": "binary-expr",
        "locations": [
          {
            "start": {
              "line": 112,
              "column": 13
            },
            "end": {
              "line": 112,
              "column": 25
            }
          },
          {
            "start": {
              "line": 112,
              "column": 29
            },
            "end": {
              "line": 116,
              "column": 32
            }
          }
        ],
        "line": 112
      },
      "12": {
        "loc": {
          "start": {
            "line": 119,
            "column": 11
          },
          "end": {
            "line": 123,
            "column": 32
          }
        },
        "type": "binary-expr",
        "locations": [
          {
            "start": {
              "line": 119,
              "column": 11
            },
            "end": {
              "line": 119,
              "column": 24
            }
          },
          {
            "start": {
              "line": 119,
              "column": 28
            },
            "end": {
              "line": 123,
              "column": 32
            }
          }
        ],
        "line": 119
      },
      "13": {
        "loc": {
          "start": {
            "line": 132,
            "column": 13
          },
          "end": {
            "line": 136,
            "column": 28
          }
        },
        "type": "binary-expr",
        "locations": [
          {
            "start": {
              "line": 132,
              "column": 13
            },
            "end": {
              "line": 132,
              "column": 25
            }
          },
          {
            "start": {
              "line": 132,
              "column": 29
            },
            "end": {
              "line": 136,
              "column": 28
            }
          }
        ],
        "line": 132
      }
    },
    "s": {
      "0": 85,
      "1": 67
    },
    "f": {
      "0": 67
    },
    "b": {
      "0": [
        2,
        65
      ],
      "1": [
        67,
        4
      ],
      "2": [
        67,
        0
      ],
      "3": [
        67,
        0
      ],
      "4": [
        67,
        0
      ],
      "5": [
        67,
        0
      ],
      "6": [
        67,
        22
      ],
      "7": [
        67,
        0
      ],
      "8": [
        67,
        0
      ],
      "9": [
        67,
        0
      ],
      "10": [
        67,
        22
      ],
      "11": [
        67,
        22
      ],
      "12": [
        67,
        0
      ],
      "13": [
        67,
        4
      ]
    },
    "_coverageSchema": "1a1c01bbd47fc00a2c39e90264f33305004495a9",
    "hash": "88a22421693ab3f2c0bb6b32dbd3f264e204d578"
  },
  "/Users/taylorgalloway/turing/4module/entombed-ui/src/components/ObitPane/ObitPane.js": {
    "path": "/Users/taylorgalloway/turing/4module/entombed-ui/src/components/ObitPane/ObitPane.js",
    "statementMap": {
      "0": {
        "start": {
          "line": 4,
          "column": 17
        },
        "end": {
          "line": 81,
          "column": 1
        }
      },
      "1": {
        "start": {
          "line": 5,
          "column": 36
        },
        "end": {
          "line": 5,
          "column": 50
        }
      },
      "2": {
        "start": {
          "line": 6,
          "column": 36
        },
        "end": {
          "line": 6,
          "column": 51
        }
      },
      "3": {
        "start": {
          "line": 7,
          "column": 38
        },
        "end": {
          "line": 7,
          "column": 59
        }
      },
      "4": {
        "start": {
          "line": 8,
          "column": 30
        },
        "end": {
          "line": 8,
          "column": 42
        }
      },
      "5": {
        "start": {
          "line": 9,
          "column": 34
        },
        "end": {
          "line": 9,
          "column": 46
        }
      },
      "6": {
        "start": {
          "line": 10,
          "column": 30
        },
        "end": {
          "line": 10,
          "column": 42
        }
      },
      "7": {
        "start": {
          "line": 12,
          "column": 25
        },
        "end": {
          "line": 26,
          "column": 5
        }
      },
      "8": {
        "start": {
          "line": 13,
          "column": 8
        },
        "end": {
          "line": 13,
          "column": 20
        }
      },
      "9": {
        "start": {
          "line": 14,
          "column": 8
        },
        "end": {
          "line": 24,
          "column": 9
        }
      },
      "10": {
        "start": {
          "line": 15,
          "column": 12
        },
        "end": {
          "line": 15,
          "column": 81
        }
      },
      "11": {
        "start": {
          "line": 17,
          "column": 12
        },
        "end": {
          "line": 23,
          "column": 13
        }
      },
      "12": {
        "start": {
          "line": 18,
          "column": 32
        },
        "end": {
          "line": 18,
          "column": 62
        }
      },
      "13": {
        "start": {
          "line": 19,
          "column": 16
        },
        "end": {
          "line": 19,
          "column": 35
        }
      },
      "14": {
        "start": {
          "line": 20,
          "column": 16
        },
        "end": {
          "line": 20,
          "column": 64
        }
      },
      "15": {
        "start": {
          "line": 20,
          "column": 42
        },
        "end": {
          "line": 20,
[...]
            "line": 33,
            "column": 42
          },
          "end": {
            "line": 52,
            "column": 5
          }
        },
        "line": 33
      },
      "2": {
        "name": "(anonymous_2)",
        "decl": {
          "start": {
            "line": 42,
            "column": 43
          },
          "end": {
            "line": 42,
            "column": 44
          }
        },
        "loc": {
          "start": {
            "line": 42,
            "column": 49
          },
          "end": {
            "line": 47,
            "column": 9
          }
        },
        "line": 42
      },
      "3": {
        "name": "registerValidSW",
        "decl": {
          "start": {
            "line": 56,
            "column": 9
          },
          "end": {
            "line": 56,
            "column": 24
          }
        },
        "loc": {
          "start": {
            "line": 56,
            "column": 40
          },
          "end": {
            "line": 100,
            "column": 1
          }
        },
        "line": 56
      },
      "4": {
        "name": "(anonymous_4)",
        "decl": {
          "start": {
            "line": 60,
            "column": 10
          },
          "end": {
            "line": 60,
            "column": 11
          }
        },
        "loc": {
          "start": {
            "line": 60,
            "column": 28
          },
          "end": {
            "line": 96,
            "column": 5
          }
        },
        "line": 60
      },
      "5": {
        "name": "(anonymous_5)",
        "decl": {
          "start": {
            "line": 61,
            "column": 35
          },
          "end": {
            "line": 61,
            "column": 36
          }
        },
        "loc": {
          "start": {
            "line": 61,
            "column": 41
          },
          "end": {
            "line": 95,
            "column": 7
          }
        },
        "line": 61
      },
      "6": {
        "name": "(anonymous_6)",
        "decl": {
          "start": {
            "line": 67,
            "column": 41
          },
          "end": {
            "line": 67,
            "column": 42
          }
        },
        "loc": {
          "start": {
            "line": 67,
            "column": 47
          },
          "end": {
            "line": 94,
            "column": 9
          }
        },
        "line": 67
      },
      "7": {
        "name": "(anonymous_7)",
        "decl": {
          "start": {
            "line": 97,
            "column": 11
          },
          "end": {
            "line": 97,
            "column": 12
          }
        },
        "loc": {
          "start": {
            "line": 97,
            "column": 22
          },
          "end": {
            "line": 99,
            "column": 5
          }
        },
        "line": 97
      },
      "8": {
        "name": "checkValidServiceWorker",
        "decl": {
          "start": {
            "line": 102,
            "column": 9
          },
          "end": {
            "line": 102,
            "column": 32
          }
        },
        "loc": {
          "start": {
            "line": 102,
            "column": 48
          },
          "end": {
            "line": 129,
            "column": 1
          }
        },
        "line": 102
      },
      "9": {
        "name": "(anonymous_9)",
        "decl": {
          "start": {
            "line": 108,
            "column": 10
          },
          "end": {
            "line": 108,
            "column": 11
          }
        },
        "loc": {
          "start": {
            "line": 108,
            "column": 24
          },
          "end": {
            "line": 125,
            "column": 5
          }
        },
        "line": 108
      },
      "10": {
        "name": "(anonymous_10)",
        "decl": {
          "start": {
            "line": 116,
            "column": 43
          },
          "end": {
            "line": 116,
            "column": 44
          }
        },
        "loc": {
          "start": {
            "line": 116,
            "column": 61
          },
          "end": {
            "line": 120,
            "column": 9
          }
        },
        "line": 116
      },
      "11": {
        "name": "(anonymous_11)",
        "decl": {
          "start": {
            "line": 117,
            "column": 41
          },
          "end": {
            "line": 117,
            "column": 42
          }
        },
        "loc": {
          "start": {
            "line": 117,
            "column": 47
          },
          "end": {
            "line": 119,
            "column": 11
          }
        },
        "line": 117
      },
      "12": {
        "name": "(anonymous_12)",
        "decl": {
          "start": {
            "line": 126,
            "column": 11
          },
          "end": {
            "line": 126,
            "column": 12
          }
        },
        "loc": {
          "start": {
            "line": 126,
            "column": 17
          },
          "end": {
            "line": 128,
            "column": 5
          }
        },
        "line": 126
      },
      "13": {
        "name": "unregister",
        "decl": {
          "start": {
            "line": 131,
            "column": 16
          },
          "end": {
            "line": 131,
            "column": 26
          }
        },
        "loc": {
          "start": {
            "line": 131,
            "column": 29
          },
          "end": {
            "line": 141,
            "column": 1
          }
        },
        "line": 131
      },
      "14": {
        "name": "(anonymous_14)",
        "decl": {
          "start": {
            "line": 134,
            "column": 12
          },
          "end": {
            "line": 134,
            "column": 13
          }
        },
        "loc": {
          "start": {
            "line": 134,
            "column": 30
          },
          "end": {
            "line": 136,
            "column": 7
          }
        },
        "line": 134
      },
      "15": {
        "name": "(anonymous_15)",
        "decl": {
          "start": {
            "line": 137,
            "column": 13
          },
          "end": {
            "line": 137,
            "column": 14
          }
        },
        "loc": {
          "start": {
            "line": 137,
            "column": 24
          },
          "end": {
            "line": 139,
            "column": 7
          }
        },
        "line": 137
      }
    },
    "branchMap": {
      "0": {
        "loc": {
          "start": {
            "line": 14,
            "column": 2
          },
          "end": {
            "line": 18,
            "column": 92
          }
        },
        "type": "binary-expr",
        "locations": [
          {
            "start": {
              "line": 14,
              "column": 2
            },
            "end": {
              "line": 14,
              "column": 42
            }
          },
          {
            "start": {
              "line": 16,
              "column": 4
            },
            "end": {
              "line": 16,
              "column": 40
            }
          },
          {
            "start": {
              "line": 18,
              "column": 4
            },
            "end": {
              "line": 18,
              "column": 92
            }
          }
        ],
        "line": 14
      },
      "1": {
        "loc": {
          "start": {
            "line": 23,
            "column": 2
          },
          "end": {
            "line": 53,
            "column": 3
          }
        },
        "type": "if",
        "locations": [
          {
            "start": {
              "line": 23,
              "column": 2
            },
            "end": {
              "line": 53,
              "column": 3
            }
          },
          {
            "start": {
              "line": 23,
              "column": 2
            },
            "end": {
              "line": 53,
              "column": 3
            }
          }
        ],
        "line": 23
      },
      "2": {
        "loc": {
          "start": {
            "line": 23,
            "column": 6
          },
          "end": {
            "line": 23,
            "column": 75
          }
        },
        "type": "binary-expr",
        "locations": [
          {
            "start": {
              "line": 23,
              "column": 6
            },
            "end": {
              "line": 23,
              "column": 43
            }
          },
          {
            "start": {
              "line": 23,
              "column": 47
            },
            "end": {
              "line": 23,
              "column": 75
            }
          }
        ],
        "line": 23
      },
      "3": {
        "loc": {
          "start": {
            "line": 26,
            "column": 4
          },
          "end": {
            "line": 31,
            "column": 5
          }
        },
        "type": "if",
        "locations": [
          {
            "start": {
              "line": 26,
              "column": 4
            },
            "end": {
              "line": 31,
              "column": 5
            }
          },
          {
            "start": {
              "line": 26,
              "column": 4
            },
            "end": {
              "line": 31,
              "column": 5
            }
          }
        ],
        "line": 26
      },
      "4": {
        "loc": {
          "start": {
            "line": 36,
            "column": 6
          },
          "end": {
            "line": 51,
            "column": 7
          }
        },
        "type": "if",
        "locations": [
          {
            "start": {
              "line": 36,
              "column": 6
            },
            "end": {
              "line": 51,
              "column": 7
            }
          },
          {
            "start": {
              "line": 36,
              "column": 6
            },
            "end": {
              "line": 51,
              "column": 7
            }
          }
        ],
        "line": 36
      },
      "5": {
        "loc": {
          "start": {
            "line": 64,
            "column": 8
          },
          "end": {
            "line": 66,
            "column": 9
          }
        },
        "type": "if",
        "locations": [
          {
            "start": {
              "line": 64,
              "column": 8
            },
            "end": {
              "line": 66,
              "column": 9
            }
          },
          {
            "start": {
              "line": 64,
              "column": 8
            },
            "end": {
              "line": 66,
              "column": 9
            }
          }
        ],
        "line": 64
      },
      "6": {
        "loc": {
          "start": {
            "line": 68,
            "column": 10
          },
          "end": {
            "line": 93,
            "column": 11
          }
        },
        "type": "if",
        "locations": [
          {
            "start": {
              "line": 68,
              "column": 10
            },
            "end": {
              "line": 93,
              "column": 11
            }
          },
          {
            "start": {
              "line": 68,
              "column": 10
            },
            "end": {
              "line": 93,
              "column": 11
            }
          }
        ],
        "line": 68
      },
      "7": {
        "loc": {
          "start": {
            "line": 69,
            "column": 12
          },
          "end": {
            "line": 92,
            "column": 13
          }
        },
        "type": "if",
        "locations": [
          {
            "start": {
              "line": 69,
              "column": 12
            },
            "end": {
              "line": 92,
              "column": 13
            }
          },
          {
            "start": {
              "line": 69,
              "column": 12
            },
            "end": {
              "line": 92,
              "column": 13
            }
          }
        ],
        "line": 69
      },
      "8": {
        "loc": {
          "start": {
            "line": 79,
            "column": 14
          },
          "end": {
            "line": 81,
            "column": 15
          }
        },
        "type": "if",
        "locations": [
          {
            "start": {
              "line": 79,
              "column": 14
            },
            "end": {
              "line": 81,
              "column": 15
            }
          },
          {
            "start": {
              "line": 79,
              "column": 14
            },
            "end": {
              "line": 81,
              "column": 15
            }
          }
        ],
        "line": 79
      },
      "9": {
        "loc": {
          "start": {
            "line": 79,
            "column": 18
          },
          "end": {
            "line": 79,
            "column": 43
          }
        },
        "type": "binary-expr",
        "locations": [
          {
            "start": {
              "line": 79,
              "column": 18
            },
            "end": {
              "line": 79,
              "column": 24
            }
          },
          {
            "start": {
              "line": 79,
              "column": 28
            },
            "end": {
              "line": 79,
              "column": 43
            }
          }
        ],
        "line": 79
      },
      "10": {
        "loc": {
          "start": {
            "line": 89,
            "column": 14
          },
          "end": {
            "line": 91,
            "column": 15
          }
        },
        "type": "if",
        "locations": [
          {
            "start": {
              "line": 89,
              "column": 14
            },
            "end": {
              "line": 91,
              "column": 15
            }
          },
          {
            "start": {
              "line": 89,
              "column": 14
            },
            "end": {
              "line": 91,
              "column": 15
            }
          }
        ],
        "line": 89
      },
      "11": {
        "loc": {
          "start": {
            "line": 89,
            "column": 18
          },
          "end": {
            "line": 89,
            "column": 44
          }
        },
        "type": "binary-expr",
        "locations": [
          {
            "start": {
              "line": 89,
              "column": 18
            },
            "end": {
              "line": 89,
              "column": 24
            }
          },
          {
            "start": {
              "line": 89,
              "column": 28
            },
            "end": {
              "line": 89,
              "column": 44
            }
          }
        ],
        "line": 89
      },
      "12": {
        "loc": {
          "start": {
            "line": 111,
            "column": 6
          },
          "end": {
            "line": 124,
            "column": 7
          }
        },
        "type": "if",
        "locations": [
          {
            "start": {
              "line": 111,
              "column": 6
            },
            "end": {
              "line": 124,
              "column": 7
            }
          },
          {
            "start": {
              "line": 111,
              "column": 6
            },
            "end": {
              "line": 124,
              "column": 7
            }
          }
        ],
        "line": 111
      },
      "13": {
        "loc": {
          "start": {
            "line": 112,
            "column": 8
          },
          "end": {
            "line": 113,
            "column": 73
          }
        },
        "type": "binary-expr",
        "locations": [
          {
            "start": {
              "line": 112,
              "column": 8
            },
            "end": {
              "line": 112,
              "column": 31
            }
          },
          {
            "start": {
              "line": 113,
              "column": 9
            },
            "end": {
              "line": 113,
              "column": 28
            }
          },
          {
            "start": {
              "line": 113,
              "column": 32
            },
            "end": {
              "line": 113,
              "column": 72
            }
          }
        ],
        "line": 112
      },
      "14": {
        "loc": {
          "start": {
            "line": 132,
            "column": 2
          },
          "end": {
            "line": 140,
            "column": 3
          }
        },
        "type": "if",
        "locations": [
          {
            "start": {
              "line": 132,
              "column": 2
            },
            "end": {
              "line": 140,
              "column": 3
            }
          },
          {
            "start": {
              "line": 132,
              "column": 2
            },
            "end": {
              "line": 140,
              "column": 3
            }
          }
        ],
        "line": 132
      }
    },
    "s": {
      "0": 85,
      "1": 85,
      "2": 85,
      "3": 0,
      "4": 0,
      "5": 0,
      "6": 0,
      "7": 0,
      "8": 0,
      "9": 0,
      "10": 0,
      "11": 0,
      "12": 0,
      "13": 0,
      "14": 0,
      "15": 0,
      "16": 0,
      "17": 0,
      "18": 0,
      "19": 0,
      "20": 0,
      "21": 0,
      "22": 0,
      "23": 0,
      "24": 0,
      "25": 0,
      "26": 0,
      "27": 0,
      "28": 0,
      "29": 0,
      "30": 0,
      "31": 0,
      "32": 0,
      "33": 0,
      "34": 0,
      "35": 0,
      "36": 0,
      "37": 0,
      "38": 0,
      "39": 0,
      "40": 0,
      "41": 0,
      "42": 0
    },
    "f": {
      "0": 85,
      "1": 0,
      "2": 0,
      "3": 0,
      "4": 0,
      "5": 0,
      "6": 0,
      "7": 0,
      "8": 0,
      "9": 0,
      "10": 0,
      "11": 0,
      "12": 0,
      "13": 0,
      "14": 0,
      "15": 0
    },
    "b": {
      "0": [
        85,
        0,
        0
      ],
      "1": [
        0,
        85
      ],
      "2": [
        85,
        0
      ],
      "3": [
        0,
        0
      ],
      "4": [
        0,
        0
      ],
      "5": [
        0,
        0
      ],
      "6": [
        0,
        0
      ],
      "7": [
        0,
        0
      ],
      "8": [
        0,
        0
      ],
      "9": [
        0,
        0
      ],
      "10": [
        0,
        0
      ],
      "11": [
        0,
        0
      ],
      "12": [
        0,
        0
      ],
      "13": [
        0,
        0,
        0
      ],
      "14": [
        0,
        0
      ]
    },
    "_coverageSchema": "1a1c01bbd47fc00a2c39e90264f33305004495a9",
    "hash": "3814006c3a45aa1e2d6e8989c1ffd8667f0f5b00"
  },
  "/Users/taylorgalloway/turing/4module/entombed-ui/src/index.js": {
    "path": "/Users/taylorgalloway/turing/4module/entombed-ui/src/index.js",
    "statementMap": {
      "0": {
        "start": {
          "line": 8,
          "column": 0
        },
        "end": {
          "line": 13,
          "column": 2
        }
      },
      "1": {
        "start": {
          "line": 18,
          "column": 0
        },
        "end": {
          "line": 18,
          "column": 37
        }
      }
    },
    "fnMap": {},
    "branchMap": {},
    "s": {
      "0": 85,
      "1": 85
    },
    "f": {},
    "b": {},
    "_coverageSchema": "1a1c01bbd47fc00a2c39e90264f33305004495a9",
    "hash": "6b75f082e51d639f03ad0d9b7cf2b6a27dd0e848"
  }
}